This is pdfTeX, Version 3.141592653-2.6-1.40.25 (MiKTeX 23.10) (preloaded format=pdflatex 2026.4.12)  5 MAY 2026 16:09
entering extended mode
 restricted \write18 enabled.
 file:line:error style messages enabled.
 %&-line parsing enabled.
**c:/Users/desde/Documents/GitHub/Permanent_Magnet_Lens/report/Permanente_Magneet_Lens.tex
(c:/Users/desde/Documents/GitHub/Permanent_Magnet_Lens/report/Permanente_Magneet_Lens.tex
LaTeX2e <2023-06-01> patch level 1
L3 programming layer <2023-08-29>
(uantwerpenbamathesis.cls
Document Class: uantwerpenbamathesis 2022/08/22 v4.4 .dtx skeleton file
(uantwerpencommonoptions.clo
File: uantwerpencommonoptions.clo 
\logounitheight=\skip48
) (C:\Users\desde\AppData\Local\Programs\MiKTeX\tex/latex/koma-script\scrbook.cls
Document Class: scrbook 2023/07/07 v3.41 KOMA-Script document class (book)
(C:\Users\desde\AppData\Local\Programs\MiKTeX\tex/latex/koma-script\scrkbase.sty
Package: scrkbase 2023/07/07 v3.41 KOMA-Script package (KOMA-Script-dependent basics and keyval usage)
 (C:\Users\desde\AppData\Local\Programs\MiKTeX\tex/latex/koma-script\scrbase.sty
Package: scrbase 2023/07/07 v3.41 KOMA-Script package (KOMA-Script-independent basics and keyval usage)
 (C:\Users\desde\AppData\Local\Programs\MiKTeX\tex/latex/koma-script\scrlfile.sty
Package: scrlfile 2023/07/07 v3.41 KOMA-Script package (file load hooks)
 (C:\Users\desde\AppData\Local\Programs\MiKTeX\tex/latex/koma-script\scrlfile-hook.sty
Package: scrlfile-hook 2023/07/07 v3.41 KOMA-Script package (using LaTeX hooks)
 (C:\Users\desde\AppData\Local\Programs\MiKTeX\tex/latex/koma-script\scrlogo.sty
Package: scrlogo 2023/07/07 v3.41 KOMA-Script package (logo)
))) (C:\Users\desde\AppData\Local\Programs\MiKTeX\tex/latex/graphics\keyval.sty
Package: keyval 2022/05/29 v1.15 key=value parser (DPC)
\KV@toks@=\toks17
)
Applying: [2021/05/01] Usage of raw or classic option list on input line 252.
Already applied: [0000/00/00] Usage of raw or classic option list on input line 368.
)) (C:\Users\desde\AppData\Local\Programs\MiKTeX\tex/latex/koma-script\tocbasic.sty
Package: tocbasic 2023/07/07 v3.41 KOMA-Script package (handling toc-files)
\scr@dte@tocline@numberwidth=\skip49
\scr@dte@tocline@numbox=\box51
)
Package tocbasic Info: omitting babel extension for `toc'
(tocbasic)             because of feature `nobabel' available
(tocbasic)             for `toc' on input line 135.
Class scrbook Info: You've used standard option `openright'.
(scrbook)           This is correct!
(scrbook)           Internally I'm using `open=right'.
(scrbook)           If you'd like to set the option with \KOMAoptions,
(scrbook)           you'd have to use `open=right' there
(scrbook)           instead of `openright', too.
Package scrbook Info: You've used standard option `11pt'.
(scrbook)             This is correct!
(scrbook)             Internally I'm using `fontsize=11pt'.
(scrbook)             If you'd like to set the option with \KOMAoptions,
(scrbook)             you'd have to use `fontsize=11pt' there
(scrbook)             instead of `11pt', too.
Class scrbook Info: File `scrsize11pt.clo' used to setup font sizes on input line 2691.
 (C:\Users\desde\AppData\Local\Programs\MiKTeX\tex/latex/koma-script\scrsize11pt.clo
File: scrsize11pt.clo 2023/07/07 v3.41 KOMA-Script font size class option (11pt)
) (C:\Users\desde\AppData\Local\Programs\MiKTeX\tex/latex/koma-script\typearea.sty
Package: typearea 2023/07/07 v3.41 KOMA-Script package (type area)
\ta@bcor=\skip50
\ta@div=\count185
Package typearea Info: You've used standard option `a4paper'.
(typearea)             This is correct!
(typearea)             Internally I'm using `paper=a4'.
(typearea)             If you'd like to set the option with \KOMAoptions,
(typearea)             you'd have to use `paper=a4' there
(typearea)             instead of `a4paper', too.
\ta@hblk=\skip51
\ta@vblk=\skip52
\ta@temp=\skip53
\footheight=\skip54
Package typearea Info: These are the values describing the layout:
(typearea)             DIV  = 10
(typearea)             BCOR = 0.0pt
(typearea)             \paperwidth      = 597.50793pt
(typearea)              \textwidth      = 418.25555pt
(typearea)              DIV departure   = -6%
(typearea)              \evensidemargin = 47.2316pt
(typearea)              \oddsidemargin  = -12.5192pt
(typearea)             \paperheight     = 845.04694pt
(typearea)              \textheight     = 595.80026pt
(typearea)              \topmargin      = -25.16531pt
(typearea)              \headheight     = 17.0pt
(typearea)              \headsep        = 20.40001pt
(typearea)              \topskip        = 11.0pt
(typearea)              \footskip       = 47.6pt
(typearea)              \baselineskip   = 13.6pt
(typearea)              on input line 1799.
)
\c@part=\count186
\c@chapter=\count187
\c@section=\count188
\c@subsection=\count189
\c@subsubsection=\count190
\c@paragraph=\count191
\c@subparagraph=\count192
\scr@dte@chapter@maxnumwidth=\skip55
Class scrbook Info: using compatibility default `afterindent=bysign'
(scrbook)           for `\chapter on input line 5990.
\scr@dte@section@maxnumwidth=\skip56
Class scrbook Info: using compatibility default `runin=bysign'
(scrbook)           for `\section on input line 6001.
Class scrbook Info: using compatibility default `afterindent=bysign'
(scrbook)           for `\section on input line 6001.
\scr@dte@part@maxnumwidth=\skip57
Class scrbook Info: using compatibility default `afterindent=true'
(scrbook)           for `\part on input line 6010.
\scr@dte@subsection@maxnumwidth=\skip58
Class scrbook Info: using compatibility default `runin=bysign'
(scrbook)           for `\subsection on input line 6020.
Class scrbook Info: using compatibility default `afterindent=bysign'
(scrbook)           for `\subsection on input line 6020.
\scr@dte@subsubsection@maxnumwidth=\skip59
Class scrbook Info: using compatibility default `runin=bysign'
(scrbook)           for `\subsubsection on input line 6030.
Class scrbook Info: using compatibility default `afterindent=bysign'
(scrbook)           for `\subsubsection on input line 6030.
\scr@dte@paragraph@maxnumwidth=\skip60
Class scrbook Info: using compatibility default `runin=bysign'
(scrbook)           for `\paragraph on input line 6041.
Class scrbook Info: using compatibility default `afterindent=bysign'
(scrbook)           for `\paragraph on input line 6041.
\scr@dte@subparagraph@maxnumwidth=\skip61
Class scrbook Info: using compatibility default `runin=bysign'
(scrbook)           for `\subparagraph on input line 6051.
Class scrbook Info: using compatibility default `afterindent=bysign'
(scrbook)           for `\subparagraph on input line 6051.
\abovecaptionskip=\skip62
\belowcaptionskip=\skip63
\c@pti@nb@sid@b@x=\box52
Package tocbasic Info: omitting babel extension for `lof'
(tocbasic)             because of feature `nobabel' available
(tocbasic)             for `lof' on input line 7242.
\scr@dte@figure@maxnumwidth=\skip64
\c@figure=\count193
Package tocbasic Info: omitting babel extension for `lot'
(tocbasic)             because of feature `nobabel' available
(tocbasic)             for `lot' on input line 7259.
\scr@dte@table@maxnumwidth=\skip65
\c@table=\count194
Class scrbook Info: Redefining `\numberline' on input line 7430.
\bibindent=\dimen140
) (C:\Users\desde\AppData\Local\Programs\MiKTeX\tex/latex/geometry\geometry.sty
Package: geometry 2020/01/02 v5.9 Page Geometry
 (C:\Users\desde\AppData\Local\Programs\MiKTeX\tex/generic/iftex\ifvtex.sty
Package: ifvtex 2019/10/25 v1.7 ifvtex legacy package. Use iftex instead.
 (C:\Users\desde\AppData\Local\Programs\MiKTeX\tex/generic/iftex\iftex.sty
Package: iftex 2022/02/03 v1.0f TeX engine tests
))
\Gm@cnth=\count195
\Gm@cntv=\count196
\c@Gm@tempcnt=\count197
\Gm@bindingoffset=\dimen141
\Gm@wd@mp=\dimen142
\Gm@odd@mp=\dimen143
\Gm@even@mp=\dimen144
\Gm@layoutwidth=\dimen145
\Gm@layoutheight=\dimen146
\Gm@layouthoffset=\dimen147
\Gm@layoutvoffset=\dimen148
\Gm@dimlist=\toks18
 (C:\Users\desde\AppData\Local\Programs\MiKTeX\tex/latex/geometry\geometry.cfg)) (C:\Users\desde\AppData\Local\Programs\MiKTeX\tex/latex/l3kernel\expl3.sty
Package: expl3 2023-08-29 L3 programming layer (loader) 
 (C:\Users\desde\AppData\Local\Programs\MiKTeX\tex/latex/l3backend\l3backend-pdftex.def
File: l3backend-pdftex.def 2023-04-19 L3 backend support: PDF output (pdfTeX)
\l__color_backend_stack_int=\count198
\l__pdf_internal_box=\box53
)) (C:\Users\desde\AppData\Local\Programs\MiKTeX\tex/latex/l3packages/xparse\xparse.sty
Package: xparse 2023-08-29 L3 Experimental document command parser
) (C:\Users\desde\AppData\Local\Programs\MiKTeX\tex/latex/xstring\xstring.sty (C:\Users\desde\AppData\Local\Programs\MiKTeX\tex/generic/xstring\xstring.tex
\xs_counta=\count199
\xs_countb=\count266
)
Package: xstring 2023/08/22 v1.86 String manipulations (CT)
) (C:\Users\desde\AppData\Local\Programs\MiKTeX\tex/latex/etoolbox\etoolbox.sty
Package: etoolbox 2020/10/05 v2.5k e-TeX tools for LaTeX (JAW)
\etb@tempcnta=\count267
) (C:\Users\desde\AppData\Local\Programs\MiKTeX\tex/latex/base\ifthen.sty
Package: ifthen 2022/04/13 v1.1d Standard LaTeX ifthen package (DPC)
) (C:\Users\desde\AppData\Local\Programs\MiKTeX\tex/latex/tools\shellesc.sty
Package: shellesc 2023/04/15 v1.0d unified shell escape interface for LaTeX
Package shellesc Info: Restricted shell escape enabled on input line 77.
) (C:\Users\desde\AppData\Local\Programs\MiKTeX\tex/latex/graphics\graphicx.sty
Package: graphicx 2021/09/16 v1.2d Enhanced LaTeX Graphics (DPC,SPQR)
 (C:\Users\desde\AppData\Local\Programs\MiKTeX\tex/latex/graphics\graphics.sty
Package: graphics 2022/03/10 v1.4e Standard LaTeX Graphics (DPC,SPQR)
 (C:\Users\desde\AppData\Local\Programs\MiKTeX\tex/latex/graphics\trig.sty
Package: trig 2021/08/11 v1.11 sin cos tan (DPC)
) (C:\Users\desde\AppData\Local\Programs\MiKTeX\tex/latex/graphics-cfg\graphics.cfg
File: graphics.cfg 2016/06/04 v1.11 sample graphics configuration
)
Package graphics Info: Driver file: pdftex.def on input line 107.
 (C:\Users\desde\AppData\Local\Programs\MiKTeX\tex/latex/graphics-def\pdftex.def
File: pdftex.def 2022/09/22 v1.2b Graphics/color driver for pdftex
))
\Gin@req@height=\dimen149
\Gin@req@width=\dimen150
) (C:\Users\desde\AppData\Local\Programs\MiKTeX\tex/generic/soul\soul.sty
Package: soul 2026-03-06 v3.2 Permit use of UTF-8 characters in soul (HO)
 (C:\Users\desde\AppData\Local\Programs\MiKTeX\tex/generic/soul\soul-ori.sty
Package: soul-ori 2026-03-06 v3.2 letterspacing/underlining (mf)
\SOUL@word=\toks19
\SOUL@lasttoken=\toks20
\SOUL@syllable=\toks21
\SOUL@cmds=\toks22
\SOUL@buffer=\toks23
\SOUL@token=\toks24
\SOUL@syllgoal=\dimen151
\SOUL@syllwidth=\dimen152
\SOUL@charkern=\dimen153
\SOUL@hyphkern=\dimen154
\SOUL@dimen=\dimen155
\SOUL@dimeni=\dimen156
\SOUL@minus=\count268
\SOUL@comma=\count269
\SOUL@apo=\count270
\SOUL@grave=\count271
\SOUL@spaceskip=\skip66
\SOUL@ttwidth=\dimen157
\SOUL@uldp=\dimen158
\SOUL@ulht=\dimen159
) (C:\Users\desde\AppData\Local\Programs\MiKTeX\tex/generic/infwarerr\infwarerr.sty
Package: infwarerr 2019/12/03 v1.5 Providing info/warning/error messages (HO)
) (C:\Users\desde\AppData\Local\Programs\MiKTeX\tex/generic/etexcmds\etexcmds.sty
Package: etexcmds 2019/12/15 v1.7 Avoid name clashes with e-TeX commands (HO)
)) (C:\Users\desde\AppData\Local\Programs\MiKTeX\tex/latex/adjustbox\adjustbox.sty
Package: adjustbox 2022/10/17 v1.3a Adjusting TeX boxes (trim, clip, ...)
 (C:\Users\desde\AppData\Local\Programs\MiKTeX\tex/latex/xkeyval\xkeyval.sty
Package: xkeyval 2022/06/16 v2.9 package option processing (HA)
 (C:\Users\desde\AppData\Local\Programs\MiKTeX\tex/generic/xkeyval\xkeyval.tex (C:\Users\desde\AppData\Local\Programs\MiKTeX\tex/generic/xkeyval\xkvutils.tex
\XKV@toks=\toks25
\XKV@tempa@toks=\toks26
)
\XKV@depth=\count272
File: xkeyval.tex 2014/12/03 v2.7a key=value parser (HA)
)) (C:\Users\desde\AppData\Local\Programs\MiKTeX\tex/latex/adjustbox\adjcalc.sty
Package: adjcalc 2012/05/16 v1.1 Provides advanced setlength with multiple back-ends (calc, etex, pgfmath)
) (C:\Users\desde\AppData\Local\Programs\MiKTeX\tex/latex/adjustbox\trimclip.sty
Package: trimclip 2020/08/19 v1.2 Trim and clip general TeX material
 (C:\Users\desde\AppData\Local\Programs\MiKTeX\tex/latex/collectbox\collectbox.sty
Package: collectbox 2022/10/17 v0.4c Collect macro arguments as boxes
\collectedbox=\box54
)
\tc@llx=\dimen160
\tc@lly=\dimen161
\tc@urx=\dimen162
\tc@ury=\dimen163
Package trimclip Info: Using driver 'tc-pdftex.def'.
 (C:\Users\desde\AppData\Local\Programs\MiKTeX\tex/latex/adjustbox\tc-pdftex.def
File: tc-pdftex.def 2019/01/04 v2.2 Clipping driver for pdftex
))
\adjbox@Width=\dimen164
\adjbox@Height=\dimen165
\adjbox@Depth=\dimen166
\adjbox@Totalheight=\dimen167
\adjbox@pwidth=\dimen168
\adjbox@pheight=\dimen169
\adjbox@pdepth=\dimen170
\adjbox@ptotalheight=\dimen171
 (C:\Users\desde\AppData\Local\Programs\MiKTeX\tex/latex/ifoddpage\ifoddpage.sty
Package: ifoddpage 2022/10/18 v1.2 Conditionals for odd/even page detection
\c@checkoddpage=\count273
) (C:\Users\desde\AppData\Local\Programs\MiKTeX\tex/latex/varwidth\varwidth.sty
Package: varwidth 2009/03/30 ver 0.92;  Variable-width minipages
\@vwid@box=\box55
\sift@deathcycles=\count274
\@vwid@loff=\dimen172
\@vwid@roff=\dimen173
)) (C:\Users\desde\AppData\Local\Programs\MiKTeX\tex/latex/graphics\color.sty
Package: color 2022/01/06 v1.3d Standard LaTeX Color (DPC)
 (C:\Users\desde\AppData\Local\Programs\MiKTeX\tex/latex/graphics-cfg\color.cfg
File: color.cfg 2016/01/02 v1.6 sample color configuration
)
Package color Info: Driver file: pdftex.def on input line 149.
 (C:\Users\desde\AppData\Local\Programs\MiKTeX\tex/latex/graphics\mathcolor.ltx)) (C:\Users\desde\AppData\Local\Programs\MiKTeX\tex/latex/pgf/frontendlayer\tikz.sty (C:\Users\desde\AppData\Local\Programs\MiKTeX\tex/latex/pgf/basiclayer\pgf.sty (C:\Users\desde\AppData\Local\Programs\MiKTeX\tex/latex/pgf/utilities\pgfrcs.sty (C:\Users\desde\AppData\Local\Programs\MiKTeX\tex/generic/pgf/utilities\pgfutil-common.tex
\pgfutil@everybye=\toks27
\pgfutil@tempdima=\dimen174
\pgfutil@tempdimb=\dimen175
) (C:\Users\desde\AppData\Local\Programs\MiKTeX\tex/generic/pgf/utilities\pgfutil-latex.def
\pgfutil@abb=\box56
) (C:\Users\desde\AppData\Local\Programs\MiKTeX\tex/generic/pgf/utilities\pgfrcs.code.tex (C:\Users\desde\AppData\Local\Programs\MiKTeX\tex/generic/pgf\pgf.revision.tex)
Package: pgfrcs 2023-01-15 v3.1.10 (3.1.10)
))
Package: pgf 2023-01-15 v3.1.10 (3.1.10)
 (C:\Users\desde\AppData\Local\Programs\MiKTeX\tex/latex/pgf/basiclayer\pgfcore.sty (C:\Users\desde\AppData\Local\Programs\MiKTeX\tex/latex/pgf/systemlayer\pgfsys.sty (C:\Users\desde\AppData\Local\Programs\MiKTeX\tex/generic/pgf/systemlayer\pgfsys.code.tex
Package: pgfsys 2023-01-15 v3.1.10 (3.1.10)
 (C:\Users\desde\AppData\Local\Programs\MiKTeX\tex/generic/pgf/utilities\pgfkeys.code.tex
\pgfkeys@pathtoks=\toks28
\pgfkeys@temptoks=\toks29
 (C:\Users\desde\AppData\Local\Programs\MiKTeX\tex/generic/pgf/utilities\pgfkeyslibraryfiltered.code.tex
\pgfkeys@tmptoks=\toks30
))
\pgf@x=\dimen176
\pgf@y=\dimen177
\pgf@xa=\dimen178
\pgf@ya=\dimen179
\pgf@xb=\dimen180
\pgf@yb=\dimen181
\pgf@xc=\dimen182
\pgf@yc=\dimen183
\pgf@xd=\dimen184
\pgf@yd=\dimen185
\w@pgf@writea=\write3
\r@pgf@reada=\read2
\c@pgf@counta=\count275
\c@pgf@countb=\count276
\c@pgf@countc=\count277
\c@pgf@countd=\count278
\t@pgf@toka=\toks31
\t@pgf@tokb=\toks32
\t@pgf@tokc=\toks33
\pgf@sys@id@count=\count279
 (C:\Users\desde\AppData\Local\Programs\MiKTeX\tex/generic/pgf/systemlayer\pgf.cfg
File: pgf.cfg 2023-01-15 v3.1.10 (3.1.10)
)
Driver file for pgf: pgfsys-pdftex.def
 (C:\Users\desde\AppData\Local\Programs\MiKTeX\tex/generic/pgf/systemlayer\pgfsys-pdftex.def
File: pgfsys-pdftex.def 2023-01-15 v3.1.10 (3.1.10)
 (C:\Users\desde\AppData\Local\Programs\MiKTeX\tex/generic/pgf/systemlayer\pgfsys-common-pdf.def
File: pgfsys-common-pdf.def 2023-01-15 v3.1.10 (3.1.10)
))) (C:\Users\desde\AppData\Local\Programs\MiKTeX\tex/generic/pgf/systemlayer\pgfsyssoftpath.code.tex
File: pgfsyssoftpath.code.tex 2023-01-15 v3.1.10 (3.1.10)
\pgfsyssoftpath@smallbuffer@items=\count280
\pgfsyssoftpath@bigbuffer@items=\count281
) (C:\Users\desde\AppData\Local\Programs\MiKTeX\tex/generic/pgf/systemlayer\pgfsysprotocol.code.tex
File: pgfsysprotocol.code.tex 2023-01-15 v3.1.10 (3.1.10)
)) (C:\Users\desde\AppData\Local\Programs\MiKTeX\tex/latex/xcolor\xcolor.sty
Package: xcolor 2022/06/12 v2.14 LaTeX color extensions (UK)
 (C:\Users\desde\AppData\Local\Programs\MiKTeX\tex/latex/graphics-cfg\color.cfg
File: color.cfg 2016/01/02 v1.6 sample color configuration
)
Package xcolor Info: Driver file: pdftex.def on input line 227.
LaTeX Info: Redefining \color on input line 711.
 (C:\Users\desde\AppData\Local\Programs\MiKTeX\tex/latex/graphics\mathcolor.ltx)
Package xcolor Info: Model `cmy' substituted by `cmy0' on input line 1353.
Package xcolor Info: Model `hsb' substituted by `rgb' on input line 1357.
Package xcolor Info: Model `RGB' extended on input line 1369.
Package xcolor Info: Model `HTML' substituted by `rgb' on input line 1371.
Package xcolor Info: Model `Hsb' substituted by `hsb' on input line 1372.
Package xcolor Info: Model `tHsb' substituted by `hsb' on input line 1373.
Package xcolor Info: Model `HSB' substituted by `hsb' on input line 1374.
Package xcolor Info: Model `Gray' substituted by `gray' on input line 1375.
Package xcolor Info: Model `wave' substituted by `hsb' on input line 1376.
) (C:\Users\desde\AppData\Local\Programs\MiKTeX\tex/generic/pgf/basiclayer\pgfcore.code.tex
Package: pgfcore 2023-01-15 v3.1.10 (3.1.10)
 (C:\Users\desde\AppData\Local\Programs\MiKTeX\tex/generic/pgf/math\pgfmath.code.tex (C:\Users\desde\AppData\Local\Programs\MiKTeX\tex/generic/pgf/math\pgfmathutil.code.tex) (C:\Users\desde\AppData\Local\Programs\MiKTeX\tex/generic/pgf/math\pgfmathparser.code.tex
\pgfmath@dimen=\dimen186
\pgfmath@count=\count282
\pgfmath@box=\box57
\pgfmath@toks=\toks34
\pgfmath@stack@operand=\toks35
\pgfmath@stack@operation=\toks36
) (C:\Users\desde\AppData\Local\Programs\MiKTeX\tex/generic/pgf/math\pgfmathfunctions.code.tex) (C:\Users\desde\AppData\Local\Programs\MiKTeX\tex/generic/pgf/math\pgfmathfunctions.basic.code.tex) (C:\Users\desde\AppData\Local\Programs\MiKTeX\tex/generic/pgf/math\pgfmathfunctions.trigonometric.code.tex) (C:\Users\desde\AppData\Local\Programs\MiKTeX\tex/generic/pgf/math\pgfmathfunctions.random.code.tex) (C:\Users\desde\AppData\Local\Programs\MiKTeX\tex/generic/pgf/math\pgfmathfunctions.comparison.code.tex) (C:\Users\desde\AppData\Local\Programs\MiKTeX\tex/generic/pgf/math\pgfmathfunctions.base.code.tex) (C:\Users\desde\AppData\Local\Programs\MiKTeX\tex/generic/pgf/math\pgfmathfunctions.round.code.tex) (C:\Users\desde\AppData\Local\Programs\MiKTeX\tex/generic/pgf/math\pgfmathfunctions.misc.code.tex) (C:\Users\desde\AppData\Local\Programs\MiKTeX\tex/generic/pgf/math\pgfmathfunctions.integerarithmetics.code.tex) (C:\Users\desde\AppData\Local\Programs\MiKTeX\tex/generic/pgf/math\pgfmathcalc.code.tex) (C:\Users\desde\AppData\Local\Programs\MiKTeX\tex/generic/pgf/math\pgfmathfloat.code.tex
\c@pgfmathroundto@lastzeros=\count283
)) (C:\Users\desde\AppData\Local\Programs\MiKTeX\tex/generic/pgf/math\pgfint.code.tex) (C:\Users\desde\AppData\Local\Programs\MiKTeX\tex/generic/pgf/basiclayer\pgfcorepoints.code.tex
File: pgfcorepoints.code.tex 2023-01-15 v3.1.10 (3.1.10)
\pgf@picminx=\dimen187
\pgf@picmaxx=\dimen188
\pgf@picminy=\dimen189
\pgf@picmaxy=\dimen190
\pgf@pathminx=\dimen191
\pgf@pathmaxx=\dimen192
\pgf@pathminy=\dimen193
\pgf@pathmaxy=\dimen194
\pgf@xx=\dimen195
\pgf@xy=\dimen196
\pgf@yx=\dimen197
\pgf@yy=\dimen198
\pgf@zx=\dimen199
\pgf@zy=\dimen256
) (C:\Users\desde\AppData\Local\Programs\MiKTeX\tex/generic/pgf/basiclayer\pgfcorepathconstruct.code.tex
File: pgfcorepathconstruct.code.tex 2023-01-15 v3.1.10 (3.1.10)
\pgf@path@lastx=\dimen257
\pgf@path@lasty=\dimen258
) (C:\Users\desde\AppData\Local\Programs\MiKTeX\tex/generic/pgf/basiclayer\pgfcorepathusage.code.tex
File: pgfcorepathusage.code.tex 2023-01-15 v3.1.10 (3.1.10)
\pgf@shorten@end@additional=\dimen259
\pgf@shorten@start@additional=\dimen260
) (C:\Users\desde\AppData\Local\Programs\MiKTeX\tex/generic/pgf/basiclayer\pgfcorescopes.code.tex
File: pgfcorescopes.code.tex 2023-01-15 v3.1.10 (3.1.10)
\pgfpic=\box58
\pgf@hbox=\box59
\pgf@layerbox@main=\box60
\pgf@picture@serial@count=\count284
) (C:\Users\desde\AppData\Local\Programs\MiKTeX\tex/generic/pgf/basiclayer\pgfcoregraphicstate.code.tex
File: pgfcoregraphicstate.code.tex 2023-01-15 v3.1.10 (3.1.10)
\pgflinewidth=\dimen261
) (C:\Users\desde\AppData\Local\Programs\MiKTeX\tex/generic/pgf/basiclayer\pgfcoretransformations.code.tex
File: pgfcoretransformations.code.tex 2023-01-15 v3.1.10 (3.1.10)
\pgf@pt@x=\dimen262
\pgf@pt@y=\dimen263
\pgf@pt@temp=\dimen264
) (C:\Users\desde\AppData\Local\Programs\MiKTeX\tex/generic/pgf/basiclayer\pgfcorequick.code.tex
File: pgfcorequick.code.tex 2023-01-15 v3.1.10 (3.1.10)
) (C:\Users\desde\AppData\Local\Programs\MiKTeX\tex/generic/pgf/basiclayer\pgfcoreobjects.code.tex
File: pgfcoreobjects.code.tex 2023-01-15 v3.1.10 (3.1.10)
) (C:\Users\desde\AppData\Local\Programs\MiKTeX\tex/generic/pgf/basiclayer\pgfcorepathprocessing.code.tex
File: pgfcorepathprocessing.code.tex 2023-01-15 v3.1.10 (3.1.10)
) (C:\Users\desde\AppData\Local\Programs\MiKTeX\tex/generic/pgf/basiclayer\pgfcorearrows.code.tex
File: pgfcorearrows.code.tex 2023-01-15 v3.1.10 (3.1.10)
\pgfarrowsep=\dimen265
) (C:\Users\desde\AppData\Local\Programs\MiKTeX\tex/generic/pgf/basiclayer\pgfcoreshade.code.tex
File: pgfcoreshade.code.tex 2023-01-15 v3.1.10 (3.1.10)
\pgf@max=\dimen266
\pgf@sys@shading@range@num=\count285
\pgf@shadingcount=\count286
) (C:\Users\desde\AppData\Local\Programs\MiKTeX\tex/generic/pgf/basiclayer\pgfcoreimage.code.tex
File: pgfcoreimage.code.tex 2023-01-15 v3.1.10 (3.1.10)
) (C:\Users\desde\AppData\Local\Programs\MiKTeX\tex/generic/pgf/basiclayer\pgfcoreexternal.code.tex
File: pgfcoreexternal.code.tex 2023-01-15 v3.1.10 (3.1.10)
\pgfexternal@startupbox=\box61
) (C:\Users\desde\AppData\Local\Programs\MiKTeX\tex/generic/pgf/basiclayer\pgfcorelayers.code.tex
File: pgfcorelayers.code.tex 2023-01-15 v3.1.10 (3.1.10)
) (C:\Users\desde\AppData\Local\Programs\MiKTeX\tex/generic/pgf/basiclayer\pgfcoretransparency.code.tex
File: pgfcoretransparency.code.tex 2023-01-15 v3.1.10 (3.1.10)
) (C:\Users\desde\AppData\Local\Programs\MiKTeX\tex/generic/pgf/basiclayer\pgfcorepatterns.code.tex
File: pgfcorepatterns.code.tex 2023-01-15 v3.1.10 (3.1.10)
) (C:\Users\desde\AppData\Local\Programs\MiKTeX\tex/generic/pgf/basiclayer\pgfcorerdf.code.tex
File: pgfcorerdf.code.tex 2023-01-15 v3.1.10 (3.1.10)
))) (C:\Users\desde\AppData\Local\Programs\MiKTeX\tex/generic/pgf/modules\pgfmoduleshapes.code.tex
File: pgfmoduleshapes.code.tex 2023-01-15 v3.1.10 (3.1.10)
\pgfnodeparttextbox=\box62
) (C:\Users\desde\AppData\Local\Programs\MiKTeX\tex/generic/pgf/modules\pgfmoduleplot.code.tex
File: pgfmoduleplot.code.tex 2023-01-15 v3.1.10 (3.1.10)
) (C:\Users\desde\AppData\Local\Programs\MiKTeX\tex/latex/pgf/compatibility\pgfcomp-version-0-65.sty
Package: pgfcomp-version-0-65 2023-01-15 v3.1.10 (3.1.10)
\pgf@nodesepstart=\dimen267
\pgf@nodesepend=\dimen268
) (C:\Users\desde\AppData\Local\Programs\MiKTeX\tex/latex/pgf/compatibility\pgfcomp-version-1-18.sty
Package: pgfcomp-version-1-18 2023-01-15 v3.1.10 (3.1.10)
)) (C:\Users\desde\AppData\Local\Programs\MiKTeX\tex/latex/pgf/utilities\pgffor.sty (C:\Users\desde\AppData\Local\Programs\MiKTeX\tex/latex/pgf/utilities\pgfkeys.sty (C:\Users\desde\AppData\Local\Programs\MiKTeX\tex/generic/pgf/utilities\pgfkeys.code.tex)) (C:\Users\desde\AppData\Local\Programs\MiKTeX\tex/latex/pgf/math\pgfmath.sty (C:\Users\desde\AppData\Local\Programs\MiKTeX\tex/generic/pgf/math\pgfmath.code.tex)) (C:\Users\desde\AppData\Local\Programs\MiKTeX\tex/generic/pgf/utilities\pgffor.code.tex
Package: pgffor 2023-01-15 v3.1.10 (3.1.10)
\pgffor@iter=\dimen269
\pgffor@skip=\dimen270
\pgffor@stack=\toks37
\pgffor@toks=\toks38
)) (C:\Users\desde\AppData\Local\Programs\MiKTeX\tex/generic/pgf/frontendlayer/tikz\tikz.code.tex
Package: tikz 2023-01-15 v3.1.10 (3.1.10)
 (C:\Users\desde\AppData\Local\Programs\MiKTeX\tex/generic/pgf/libraries\pgflibraryplothandlers.code.tex
File: pgflibraryplothandlers.code.tex 2023-01-15 v3.1.10 (3.1.10)
\pgf@plot@mark@count=\count287
\pgfplotmarksize=\dimen271
)
\tikz@lastx=\dimen272
\tikz@lasty=\dimen273
\tikz@lastxsaved=\dimen274
\tikz@lastysaved=\dimen275
\tikz@lastmovetox=\dimen276
\tikz@lastmovetoy=\dimen277
\tikzleveldistance=\dimen278
\tikzsiblingdistance=\dimen279
\tikz@figbox=\box63
\tikz@figbox@bg=\box64
\tikz@tempbox=\box65
\tikz@tempbox@bg=\box66
\tikztreelevel=\count288
\tikznumberofchildren=\count289
\tikznumberofcurrentchild=\count290
\tikz@fig@count=\count291
 (C:\Users\desde\AppData\Local\Programs\MiKTeX\tex/generic/pgf/modules\pgfmodulematrix.code.tex
File: pgfmodulematrix.code.tex 2023-01-15 v3.1.10 (3.1.10)
\pgfmatrixcurrentrow=\count292
\pgfmatrixcurrentcolumn=\count293
\pgf@matrix@numberofcolumns=\count294
)
\tikz@expandcount=\count295
 (C:\Users\desde\AppData\Local\Programs\MiKTeX\tex/generic/pgf/frontendlayer/tikz/libraries\tikzlibrarytopaths.code.tex
File: tikzlibrarytopaths.code.tex 2023-01-15 v3.1.10 (3.1.10)
))) (C:\Users\desde\AppData\Local\Programs\MiKTeX\tex/generic/pgf/frontendlayer/tikz/libraries\tikzlibrarypositioning.code.tex
File: tikzlibrarypositioning.code.tex 2023-01-15 v3.1.10 (3.1.10)
) (C:\Users\desde\AppData\Local\Programs\MiKTeX\tex/generic/pgf/frontendlayer/tikz/libraries\tikzlibrarycalc.code.tex
File: tikzlibrarycalc.code.tex 2023-01-15 v3.1.10 (3.1.10)
)
(C:\Users\desde\AppData\Local\Programs\MiKTeX\tex/latex/eso-pic\eso-pic.sty
Package: eso-pic 2023/05/03 v3.0c eso-pic (RN)
\ESO@tempdima=\dimen280
\ESO@tempdimb=\dimen281
) (uantwerpencolorlogoscheme.sty
Package: uantwerpencolorlogoscheme 2022/08/22 v4.4 .dtx skeleton file
)

Class scrbook Warning: Usage of package `fancyhdr' together
(scrbook)              with a KOMA-Script class is not recommended.
(scrbook)              I'd suggest to use 
(scrbook)              package `scrlayer' or `scrlayer-scrpage', because
(scrbook)              they support KOMA-Script classes.
(scrbook)              With `fancyhdr' several features of class `scrbook'
(scrbook)              like options `headsepline', `footsepline' or command
(scrbook)              `\MakeMarkcase' and the commands `\setkomafont' and
(scrbook)              `\addtokomafont' for the page style elements need
(scrbook)              explicite user intervention to work.
(scrbook)              Nevertheless, using requested
(scrbook)              package `fancyhdr' on input line 57.

(C:\Users\desde\AppData\Local\Programs\MiKTeX\tex/latex/fancyhdr\fancyhdr.sty
Package: fancyhdr 2025/02/07 v5.2 Extensive control of page headers and footers
\f@nch@headwidth=\skip67
\f@nch@offset@elh=\skip68
\f@nch@offset@erh=\skip69
\f@nch@offset@olh=\skip70
\f@nch@offset@orh=\skip71
\f@nch@offset@elf=\skip72
\f@nch@offset@erf=\skip73
\f@nch@offset@olf=\skip74
\f@nch@offset@orf=\skip75
\f@nch@height=\skip76
\f@nch@footalignment=\skip77
\f@nch@widthL=\skip78
\f@nch@widthC=\skip79
\f@nch@widthR=\skip80
\@temptokenb=\toks39
)) (C:\Users\desde\AppData\Local\Programs\MiKTeX\tex/latex/caption\subcaption.sty
Package: subcaption 2023/07/28 v1.6b Sub-captions (AR)
 (C:\Users\desde\AppData\Local\Programs\MiKTeX\tex/latex/caption\caption.sty
Package: caption 2023/08/05 v3.6o Customizing captions (AR)
 (C:\Users\desde\AppData\Local\Programs\MiKTeX\tex/latex/caption\caption3.sty
Package: caption3 2023/07/31 v2.4d caption3 kernel (AR)
\caption@tempdima=\dimen282
\captionmargin=\dimen283
\caption@leftmargin=\dimen284
\caption@rightmargin=\dimen285
\caption@width=\dimen286
\caption@indent=\dimen287
\caption@parindent=\dimen288
\caption@hangindent=\dimen289
Package caption Info: KOMA-Script document class detected.
 (C:\Users\desde\AppData\Local\Programs\MiKTeX\tex/latex/caption\caption-koma.sto
File: caption-koma.sto 2023/09/08 v2.0e Adaption of the caption package to the KOMA-Script document classes (AR)
))
\c@caption@flags=\count296
\c@continuedfloat=\count297
Package caption Info: KOMA-Script scrextend package detected.
\caption@addmargin@hsize=\dimen290
\caption@addmargin@linewidth=\dimen291
)
Package caption Info: New subtype `subfigure' on input line 238.
\c@subfigure=\count298
Package caption Info: New subtype `subtable' on input line 238.
\c@subtable=\count299
) (C:\Users\desde\AppData\Local\Programs\MiKTeX\tex/latex/booktabs\booktabs.sty
Package: booktabs 2020/01/12 v1.61803398 Publication quality tables
\heavyrulewidth=\dimen292
\lightrulewidth=\dimen293
\cmidrulewidth=\dimen294
\belowrulesep=\dimen295
\belowbottomsep=\dimen296
\aboverulesep=\dimen297
\abovetopsep=\dimen298
\cmidrulesep=\dimen299
\cmidrulekern=\dimen300
\defaultaddspace=\dimen301
\@cmidla=\count300
\@cmidlb=\count301
\@aboverulesep=\dimen302
\@belowrulesep=\dimen303
\@thisruleclass=\count302
\@lastruleclass=\count303
\@thisrulewidth=\dimen304
) (C:\Users\desde\AppData\Local\Programs\MiKTeX\tex/latex/tcolorbox\tcolorbox.sty
Package: tcolorbox 2023/09/26 version 6.1.0 text color boxes
 (C:\Users\desde\AppData\Local\Programs\MiKTeX\tex/latex/tools\verbatim.sty
Package: verbatim 2022-07-02 v1.5u LaTeX2e package for verbatim enhancements
\every@verbatim=\toks40
\verbatim@line=\toks41
\verbatim@in@stream=\read3
) (C:\Users\desde\AppData\Local\Programs\MiKTeX\tex/latex/environ\environ.sty
Package: environ 2014/05/04 v0.3 A new way to define environments
 (C:\Users\desde\AppData\Local\Programs\MiKTeX\tex/latex/trimspaces\trimspaces.sty
Package: trimspaces 2009/09/17 v1.1 Trim spaces around a token list
)
\@envbody=\toks42
)
\tcb@titlebox=\box67
\tcb@upperbox=\box68
\tcb@lowerbox=\box69
\tcb@phantombox=\box70
\c@tcbbreakpart=\count304
\c@tcblayer=\count305
\c@tcolorbox@number=\count306
\tcb@temp=\box71
\tcb@temp=\box72
\tcb@temp=\box73
\tcb@temp=\box74
) (C:\Users\desde\AppData\Local\Programs\MiKTeX\tex/generic/babel\babel.sty
Package: babel 2023/09/29 v3.95 The Babel package
\babel@savecnt=\count307
\U@D=\dimen305
\l@unhyphenated=\language79
 (C:\Users\desde\AppData\Local\Programs\MiKTeX\tex/generic/babel\txtbabel.def)
\bbl@readstream=\read4
\bbl@dirlevel=\count308

*************************************
* Local config file bblopts.cfg used
*
(C:\Users\desde\AppData\Local\Programs\MiKTeX\tex/latex/arabi\bblopts.cfg
File: bblopts.cfg 2005/09/08 v0.1 add Arabic and Farsi to "declared" options of babel
) (C:\Users\desde\AppData\Local\Programs\MiKTeX\tex/latex/babel-dutch\dutch.ldf
Language: dutch 2021/08/29 v3.8l Dutch support from the babel system
Package babel Info: Making " an active character on input line 127.
)) (C:\Users\desde\AppData\Local\Programs\MiKTeX\tex/generic/babel/locale/nl\babel-dutch.tex
Package babel Info: Importing font and identification data for dutch
(babel)             from babel-nl.ini. Reported on input line 11.
) (C:\Users\desde\AppData\Local\Programs\MiKTeX\tex/latex/amsmath\amsmath.sty
Package: amsmath 2023/05/13 v2.17o AMS math features
\@mathmargin=\skip81

For additional information on amsmath, use the `?' option.
(C:\Users\desde\AppData\Local\Programs\MiKTeX\tex/latex/amsmath\amstext.sty
Package: amstext 2021/08/26 v2.01 AMS text
 (C:\Users\desde\AppData\Local\Programs\MiKTeX\tex/latex/amsmath\amsgen.sty
File: amsgen.sty 1999/11/30 v2.0 generic functions
\@emptytoks=\toks43
\ex@=\dimen306
)) (C:\Users\desde\AppData\Local\Programs\MiKTeX\tex/latex/amsmath\amsbsy.sty
Package: amsbsy 1999/11/29 v1.2d Bold Symbols
\pmbraise@=\dimen307
) (C:\Users\desde\AppData\Local\Programs\MiKTeX\tex/latex/amsmath\amsopn.sty
Package: amsopn 2022/04/08 v2.04 operator names
)
\inf@bad=\count309
LaTeX Info: Redefining \frac on input line 234.
\uproot@=\count310
\leftroot@=\count311
LaTeX Info: Redefining \overline on input line 399.
LaTeX Info: Redefining \colon on input line 410.
\classnum@=\count312
\DOTSCASE@=\count313
LaTeX Info: Redefining \ldots on input line 496.
LaTeX Info: Redefining \dots on input line 499.
LaTeX Info: Redefining \cdots on input line 620.
\Mathstrutbox@=\box75
\strutbox@=\box76
LaTeX Info: Redefining \big on input line 722.
LaTeX Info: Redefining \Big on input line 723.
LaTeX Info: Redefining \bigg on input line 724.
LaTeX Info: Redefining \Bigg on input line 725.
\big@size=\dimen308
LaTeX Font Info:    Redeclaring font encoding OML on input line 743.
LaTeX Font Info:    Redeclaring font encoding OMS on input line 744.
\macc@depth=\count314
LaTeX Info: Redefining \bmod on input line 905.
LaTeX Info: Redefining \pmod on input line 910.
LaTeX Info: Redefining \smash on input line 940.
LaTeX Info: Redefining \relbar on input line 970.
LaTeX Info: Redefining \Relbar on input line 971.
\c@MaxMatrixCols=\count315
\dotsspace@=\muskip16
\c@parentequation=\count316
\dspbrk@lvl=\count317
\tag@help=\toks44
\row@=\count318
\column@=\count319
\maxfields@=\count320
\andhelp@=\toks45
\eqnshift@=\dimen309
\alignsep@=\dimen310
\tagshift@=\dimen311
\tagwidth@=\dimen312
\totwidth@=\dimen313
\lineht@=\dimen314
\@envbody=\toks46
\multlinegap=\skip82
\multlinetaggap=\skip83
\mathdisplay@stack=\toks47
LaTeX Info: Redefining \[ on input line 2953.
LaTeX Info: Redefining \] on input line 2954.
) (C:\Users\desde\AppData\Local\Programs\MiKTeX\tex/latex/hyperref\hyperref.sty
Package: hyperref 2023-07-08 v7.01b Hypertext links for LaTeX
 (C:\Users\desde\AppData\Local\Programs\MiKTeX\tex/generic/ltxcmds\ltxcmds.sty
Package: ltxcmds 2020-05-10 v1.25 LaTeX kernel commands for general use (HO)
) (C:\Users\desde\AppData\Local\Programs\MiKTeX\tex/generic/pdftexcmds\pdftexcmds.sty
Package: pdftexcmds 2020-06-27 v0.33 Utility functions of pdfTeX for LuaTeX (HO)
Package pdftexcmds Info: \pdf@primitive is available.
Package pdftexcmds Info: \pdf@ifprimitive is available.
Package pdftexcmds Info: \pdfdraftmode found.
) (C:\Users\desde\AppData\Local\Programs\MiKTeX\tex/latex/kvsetkeys\kvsetkeys.sty
Package: kvsetkeys 2022-10-05 v1.19 Key value parser (HO)
) (C:\Users\desde\AppData\Local\Programs\MiKTeX\tex/generic/kvdefinekeys\kvdefinekeys.sty
Package: kvdefinekeys 2019-12-19 v1.6 Define keys (HO)
) (C:\Users\desde\AppData\Local\Programs\MiKTeX\tex/generic/pdfescape\pdfescape.sty
Package: pdfescape 2019/12/09 v1.15 Implements pdfTeX's escape features (HO)
) (C:\Users\desde\AppData\Local\Programs\MiKTeX\tex/latex/hycolor\hycolor.sty
Package: hycolor 2020-01-27 v1.10 Color options for hyperref/bookmark (HO)
) (C:\Users\desde\AppData\Local\Programs\MiKTeX\tex/latex/letltxmacro\letltxmacro.sty
Package: letltxmacro 2019/12/03 v1.6 Let assignment for LaTeX macros (HO)
) (C:\Users\desde\AppData\Local\Programs\MiKTeX\tex/latex/auxhook\auxhook.sty
Package: auxhook 2019-12-17 v1.6 Hooks for auxiliary files (HO)
) (C:\Users\desde\AppData\Local\Programs\MiKTeX\tex/latex/hyperref\nameref.sty
Package: nameref 2023-08-07 v2.53 Cross-referencing by name of section
 (C:\Users\desde\AppData\Local\Programs\MiKTeX\tex/latex/refcount\refcount.sty
Package: refcount 2019/12/15 v3.6 Data extraction from label references (HO)
) (C:\Users\desde\AppData\Local\Programs\MiKTeX\tex/generic/gettitlestring\gettitlestring.sty
Package: gettitlestring 2019/12/15 v1.6 Cleanup title references (HO)
 (C:\Users\desde\AppData\Local\Programs\MiKTeX\tex/latex/kvoptions\kvoptions.sty
Package: kvoptions 2022-06-15 v3.15 Key value format for package options (HO)
))
\c@section@level=\count321
)
\@linkdim=\dimen315
\Hy@linkcounter=\count322
\Hy@pagecounter=\count323
 (C:\Users\desde\AppData\Local\Programs\MiKTeX\tex/latex/hyperref\pd1enc.def
File: pd1enc.def 2023-07-08 v7.01b Hyperref: PDFDocEncoding definition (HO)
Now handling font encoding PD1 ...
... no UTF-8 mapping file for font encoding PD1
) (C:\Users\desde\AppData\Local\Programs\MiKTeX\tex/generic/intcalc\intcalc.sty
Package: intcalc 2019/12/15 v1.3 Expandable calculations with integers (HO)
)
\Hy@SavedSpaceFactor=\count324
 (C:\Users\desde\AppData\Local\Programs\MiKTeX\tex/latex/hyperref\puenc.def
File: puenc.def 2023-07-08 v7.01b Hyperref: PDF Unicode definition (HO)
Now handling font encoding PU ...
... no UTF-8 mapping file for font encoding PU
)
Package hyperref Info: Option `hyperindex' set `true' on input line 4050.
Package hyperref Info: Hyper figures OFF on input line 4167.
Package hyperref Info: Link nesting OFF on input line 4172.
Package hyperref Info: Hyper index ON on input line 4175.
Package hyperref Info: Plain pages OFF on input line 4182.
Package hyperref Info: Backreferencing ON on input line 4185.
Package hyperref Info: Implicit mode ON; LaTeX internals redefined.
Package hyperref Info: Bookmarks ON on input line 4434.
 (C:\Users\desde\AppData\Local\Programs\MiKTeX\tex/latex/hyperref\backref.sty
Package: backref 2023/04/20 v1.42 Bibliographical back referencing
 (C:\Users\desde\AppData\Local\Programs\MiKTeX\tex/latex/rerunfilecheck\rerunfilecheck.sty
Package: rerunfilecheck 2022-07-10 v1.10 Rerun checks for auxiliary files (HO)
 (C:\Users\desde\AppData\Local\Programs\MiKTeX\tex/latex/base\atveryend-ltx.sty
Package: atveryend-ltx 2020/08/19 v1.0a Emulation of the original atveryend package
with kernel methods
) (C:\Users\desde\AppData\Local\Programs\MiKTeX\tex/generic/uniquecounter\uniquecounter.sty
Package: uniquecounter 2019/12/15 v1.4 Provide unlimited unique counter (HO)
 (C:\Users\desde\AppData\Local\Programs\MiKTeX\tex/generic/bigintcalc\bigintcalc.sty
Package: bigintcalc 2019/12/15 v1.5 Expandable calculations on big integers (HO)
))
Package uniquecounter Info: New unique counter `rerunfilecheck' on input line 285.
))
\c@Hy@tempcnt=\count325
 (C:\Users\desde\AppData\Local\Programs\MiKTeX\tex/latex/url\url.sty
\Urlmuskip=\muskip17
Package: url 2013/09/16  ver 3.4  Verb mode for urls, etc.
)
LaTeX Info: Redefining \url on input line 4772.
\XeTeXLinkMargin=\dimen316
 (C:\Users\desde\AppData\Local\Programs\MiKTeX\tex/generic/bitset\bitset.sty
Package: bitset 2019/12/09 v1.3 Handle bit-vector datatype (HO)
)
\Fld@menulength=\count326
\Field@Width=\dimen317
\Fld@charsize=\dimen318
Package hyperref Info: Hyper figures OFF on input line 6051.
Package hyperref Info: Link nesting OFF on input line 6056.
Package hyperref Info: Hyper index ON on input line 6059.
Package hyperref Info: backreferencing ON on input line 6064.
Package hyperref Info: Link coloring OFF on input line 6071.
Package hyperref Info: Link coloring with OCG OFF on input line 6076.
Package hyperref Info: PDF/A mode OFF on input line 6081.
 (C:\Users\desde\AppData\Local\Programs\MiKTeX\tex/latex/base\atbegshi-ltx.sty
Package: atbegshi-ltx 2021/01/10 v1.0c Emulation of the original atbegshi
package with kernel methods
)
\Hy@abspage=\count327
\c@Item=\count328
\c@Hfootnote=\count329
)
Package hyperref Info: Driver (autodetected): hpdftex.
 (C:\Users\desde\AppData\Local\Programs\MiKTeX\tex/latex/hyperref\hpdftex.def
File: hpdftex.def 2023-07-08 v7.01b Hyperref driver for pdfTeX
\Fld@listcount=\count330
\c@bookmark@seq@number=\count331
\Hy@SectionHShift=\skip84
) (C:\Users\desde\AppData\Local\Programs\MiKTeX\tex/latex/psnfss\mathptmx.sty
Package: mathptmx 2020/03/25 PSNFSS-v9.3 Times w/ Math, improved (SPQR, WaS) 
LaTeX Font Info:    Redeclaring symbol font `operators' on input line 28.
LaTeX Font Info:    Overwriting symbol font `operators' in version `normal'
(Font)                  OT1/cmr/m/n --> OT1/ztmcm/m/n on input line 28.
LaTeX Font Info:    Overwriting symbol font `operators' in version `bold'
(Font)                  OT1/cmr/bx/n --> OT1/ztmcm/m/n on input line 28.
LaTeX Font Info:    Redeclaring symbol font `letters' on input line 29.
LaTeX Font Info:    Overwriting symbol font `letters' in version `normal'
(Font)                  OML/cmm/m/it --> OML/ztmcm/m/it on input line 29.
LaTeX Font Info:    Overwriting symbol font `letters' in version `bold'
(Font)                  OML/cmm/b/it --> OML/ztmcm/m/it on input line 29.
LaTeX Font Info:    Redeclaring symbol font `symbols' on input line 30.
LaTeX Font Info:    Overwriting symbol font `symbols' in version `normal'
(Font)                  OMS/cmsy/m/n --> OMS/ztmcm/m/n on input line 30.
LaTeX Font Info:    Overwriting symbol font `symbols' in version `bold'
(Font)                  OMS/cmsy/b/n --> OMS/ztmcm/m/n on input line 30.
LaTeX Font Info:    Redeclaring symbol font `largesymbols' on input line 31.
LaTeX Font Info:    Overwriting symbol font `largesymbols' in version `normal'
(Font)                  OMX/cmex/m/n --> OMX/ztmcm/m/n on input line 31.
LaTeX Font Info:    Overwriting symbol font `largesymbols' in version `bold'
(Font)                  OMX/cmex/m/n --> OMX/ztmcm/m/n on input line 31.
\symbold=\mathgroup4
\symitalic=\mathgroup5
LaTeX Font Info:    Redeclaring math alphabet \mathbf on input line 34.
LaTeX Font Info:    Overwriting math alphabet `\mathbf' in version `normal'
(Font)                  OT1/cmr/bx/n --> OT1/ptm/bx/n on input line 34.
LaTeX Font Info:    Overwriting math alphabet `\mathbf' in version `bold'
(Font)                  OT1/cmr/bx/n --> OT1/ptm/bx/n on input line 34.
LaTeX Font Info:    Redeclaring math alphabet \mathit on input line 35.
LaTeX Font Info:    Overwriting math alphabet `\mathit' in version `normal'
(Font)                  OT1/cmr/m/it --> OT1/ptm/m/it on input line 35.
LaTeX Font Info:    Overwriting math alphabet `\mathit' in version `bold'
(Font)                  OT1/cmr/bx/it --> OT1/ptm/m/it on input line 35.
LaTeX Info: Redefining \hbar on input line 50.
) (C:\Users\desde\AppData\Local\Programs\MiKTeX\tex/latex/tools\multicol.sty
Package: multicol 2023/03/30 v1.9f multicolumn formatting (FMi)
\c@tracingmulticols=\count332
\mult@box=\box77
\multicol@leftmargin=\dimen319
\c@unbalance=\count333
\c@collectmore=\count334
\doublecol@number=\count335
\multicoltolerance=\count336
\multicolpretolerance=\count337
\full@width=\dimen320
\page@free=\dimen321
\premulticols=\dimen322
\postmulticols=\dimen323
\multicolsep=\skip85
\multicolbaselineskip=\skip86
\partial@page=\box78
\last@line=\box79
\mc@boxedresult=\box80
\maxbalancingoverflow=\dimen324
\mult@rightbox=\box81
\mult@grightbox=\box82
\mult@firstbox=\box83
\mult@gfirstbox=\box84
\@tempa=\box85
\@tempa=\box86
\@tempa=\box87
\@tempa=\box88
\@tempa=\box89
\@tempa=\box90
\@tempa=\box91
\@tempa=\box92
\@tempa=\box93
\@tempa=\box94
\@tempa=\box95
\@tempa=\box96
\@tempa=\box97
\@tempa=\box98
\@tempa=\box99
\@tempa=\box100
\@tempa=\box101
\@tempa=\box102
\@tempa=\box103
\@tempa=\box104
\@tempa=\box105
\@tempa=\box106
\@tempa=\box107
\@tempa=\box108
\@tempa=\box109
\@tempa=\box110
\@tempa=\box111
\@tempa=\box112
\@tempa=\box113
\@tempa=\box114
\@tempa=\box115
\@tempa=\box116
\@tempa=\box117
\@tempa=\box118
\@tempa=\box119
\@tempa=\box120
\c@minrows=\count338
\c@columnbadness=\count339
\c@finalcolumnbadness=\count340
\last@try=\dimen325
\multicolovershoot=\dimen326
\multicolundershoot=\dimen327
\mult@nat@firstbox=\box121
\colbreak@box=\box122
\mc@col@check@num=\count341
) (C:\Users\desde\AppData\Local\Programs\MiKTeX\tex/latex/float\float.sty
Package: float 2001/11/08 v1.3d Float enhancements (AL)
\c@float@type=\count342
\float@exts=\toks48
\float@box=\box123
\@float@everytoks=\toks49
\@floatcapt=\box124
)
LaTeX Font Info:    Trying to load font information for OT1+ptm on input line 65.
 (C:\Users\desde\AppData\Local\Programs\MiKTeX\tex/latex/psnfss\ot1ptm.fd
File: ot1ptm.fd 2001/06/04 font definitions for OT1/ptm.
)

LaTeX Warning: Unused global option(s):
    [we].

(Permanente_Magneet_Lens.aux (C:\Users\desde\AppData\Local\Programs\MiKTeX\tex/generic/babel/locale/en\babel-english.tex
Package babel Info: Importing basic data for english
(babel)             from babel-en.ini. Reported on input line 11.
))
\openout1 = `Permanente_Magneet_Lens.aux'.

LaTeX Font Info:    Checking defaults for OML/cmm/m/it on input line 65.
LaTeX Font Info:    ... okay on input line 65.
LaTeX Font Info:    Checking defaults for OMS/cmsy/m/n on input line 65.
LaTeX Font Info:    ... okay on input line 65.
LaTeX Font Info:    Checking defaults for OT1/cmr/m/n on input line 65.
LaTeX Font Info:    ... okay on input line 65.
LaTeX Font Info:    Checking defaults for T1/cmr/m/n on input line 65.
LaTeX Font Info:    ... okay on input line 65.
LaTeX Font Info:    Checking defaults for TS1/cmr/m/n on input line 65.
LaTeX Font Info:    ... okay on input line 65.
LaTeX Font Info:    Checking defaults for OMX/cmex/m/n on input line 65.
LaTeX Font Info:    ... okay on input line 65.
LaTeX Font Info:    Checking defaults for U/cmr/m/n on input line 65.
LaTeX Font Info:    ... okay on input line 65.
LaTeX Font Info:    Checking defaults for PD1/pdf/m/n on input line 65.
LaTeX Font Info:    ... okay on input line 65.
LaTeX Font Info:    Checking defaults for PU/pdf/m/n on input line 65.
LaTeX Font Info:    ... okay on input line 65.
\smallogo=\box125
<Logos/logo-uantwerpen-we-en-rgb-pos.pdf, id=4, 391.4625pt x 103.38625pt>
File: Logos/logo-uantwerpen-we-en-rgb-pos.pdf Graphic file (type pdf)
<use Logos/logo-uantwerpen-we-en-rgb-pos.pdf>
Package pdftex.def Info: Logos/logo-uantwerpen-we-en-rgb-pos.pdf  used on input line 65.
(pdftex.def)             Requested size: 71.13188pt x 18.7854pt.
Package hyperref Info: Option `breaklinks' set `true' on input line 65.
Package hyperref Info: Option `colorlinks' set `true' on input line 65.
Package hyperref Info: Option `pageanchor' set `true' on input line 65.

*geometry* driver: auto-detecting
*geometry* detected driver: pdftex
*geometry* verbose mode - [ preamble ] result:
* driver: pdftex
* paper: a4paper
* layout: <same size as paper>
* layoutoffset:(h,v)=(0.0pt,0.0pt)
* modes: twoside 
* h-part:(L,W,R)=(99.58464pt, 452.39865pt, 45.52458pt)
* v-part:(T,H,B)=(73.97733pt, 699.93764pt, 71.13188pt)
* \paperwidth=597.50787pt
* \paperheight=845.04684pt
* \textwidth=452.39865pt
* \textheight=699.93764pt
* \oddsidemargin=27.31465pt
* \evensidemargin=-26.7454pt
* \topmargin=-35.69267pt
* \headheight=13.7pt
* \headsep=20.40001pt
* \topskip=11.0pt
* \footskip=47.6pt
* \marginparwidth=89.62619pt
* \marginparsep=12.8401pt
* \columnsep=10.0pt
* \skip\footins=10.0pt plus 4.0pt minus 2.0pt
* \hoffset=0.0pt
* \voffset=0.0pt
* \mag=1000
* \@twocolumnfalse
* \@twosidetrue
* \@mparswitchtrue
* \@reversemarginfalse
* (1in=72.27pt=25.4mm, 1cm=28.453pt)

(C:\Users\desde\AppData\Local\Programs\MiKTeX\tex/context/base/mkii\supp-pdf.mkii
[Loading MPS to PDF converter (version 2006.09.02).]
\scratchcounter=\count343
\scratchdimen=\dimen328
\scratchbox=\box126
\nofMPsegments=\count344
\nofMParguments=\count345
\everyMPshowfont=\toks50
\MPscratchCnt=\count346
\MPscratchDim=\dimen329
\MPnumerator=\count347
\makeMPintoPDFobject=\count348
\everyMPtoPDFconversion=\toks51
) (C:\Users\desde\AppData\Local\Programs\MiKTeX\tex/latex/epstopdf-pkg\epstopdf-base.sty
Package: epstopdf-base 2020-01-24 v2.11 Base part for package epstopdf
Package epstopdf-base Info: Redefining graphics rule for `.eps' on input line 485.
 (C:\Users\desde\AppData\Local\Programs\MiKTeX\tex/latex/00miktex\epstopdf-sys.cfg
File: epstopdf-sys.cfg 2021/03/18 v2.0 Configuration of epstopdf for MiKTeX
))
Package caption Info: Begin \AtBeginDocument code.
Package caption Info: float package is loaded.
Package caption Info: hyperref package is loaded.
Package caption Info: End \AtBeginDocument code.
Package hyperref Info: Link coloring ON on input line 65.
 (Permanente_Magneet_Lens.out) (Permanente_Magneet_Lens.out)
\@outlinefile=\write4
\openout4 = `Permanente_Magneet_Lens.out'.

Class scrbook Info: loading recommended package `bookmark'.
(scrbook)           Using `bookmark' together with `hyperref' is recommended,
(scrbook)           because of handling of possible bookmark level gaps.
(scrbook)           You can avoid loading `bookmark' with KOMA-Script option
(scrbook)           `bookmarkpackage=false' before \begin{document} and
(scrbook)           you can avoid this message adding:
(scrbook)             \usepackage{bookmark}
(scrbook)           before \begin{document} on input line 65.
 (C:\Users\desde\AppData\Local\Programs\MiKTeX\tex/latex/bookmark\bookmark.sty
Package: bookmark 2023-12-10 v1.31 PDF bookmarks (HO)
 (C:\Users\desde\AppData\Local\Programs\MiKTeX\tex/latex/bookmark\bkm-pdftex.def
File: bkm-pdftex.def 2023-12-10 v1.31 bookmark driver for pdfTeX and luaTeX (HO)
\BKM@id=\count349
))
Underfull \hbox (badness 1147) has occurred while \output is active
[][][][] [] [] [] 
 []

<Logos/logo-uantwerpen-we-nl-rgb-pos.pdf, id=7, 408.52625pt x 103.38625pt>
File: Logos/logo-uantwerpen-we-nl-rgb-pos.pdf Graphic file (type pdf)
<use Logos/logo-uantwerpen-we-nl-rgb-pos.pdf>
Package pdftex.def Info: Logos/logo-uantwerpen-we-nl-rgb-pos.pdf  used on input line 68.
(pdftex.def)             Requested size: 176.407pt x 44.64452pt.
[1{C:/Users/desde/AppData/Local/MiKTeX/fonts/map/pdftex/pdftex.map}{C:/Users/desde/AppData/Local/Programs/MiKTeX/fonts/enc/dvips/base/8r.enc}



 <./Logos/logo-uantwerpen-we-nl-rgb-pos.pdf>]
Underfull \hbox (badness 10000) in paragraph at lines 68--68

 []


Underfull \hbox (badness 10000) in paragraph at lines 68--68

 []


Underfull \hbox (badness 10000) in paragraph at lines 68--68

 []

[2

] (Permanente_Magneet_Lens.toc
LaTeX Font Info:    Trying to load font information for OT1+ztmcm on input line 5.
 (C:\Users\desde\AppData\Local\Programs\MiKTeX\tex/latex/psnfss\ot1ztmcm.fd
File: ot1ztmcm.fd 2000/01/03 Fontinst v1.801 font definitions for OT1/ztmcm.
)
LaTeX Font Info:    Trying to load font information for OML+ztmcm on input line 5.
 (C:\Users\desde\AppData\Local\Programs\MiKTeX\tex/latex/psnfss\omlztmcm.fd
File: omlztmcm.fd 2000/01/03 Fontinst v1.801 font definitions for OML/ztmcm.
)
LaTeX Font Info:    Trying to load font information for OMS+ztmcm on input line 5.
 (C:\Users\desde\AppData\Local\Programs\MiKTeX\tex/latex/psnfss\omsztmcm.fd
File: omsztmcm.fd 2000/01/03 Fontinst v1.801 font definitions for OMS/ztmcm.
)
LaTeX Font Info:    Trying to load font information for OMX+ztmcm on input line 5.
 (C:\Users\desde\AppData\Local\Programs\MiKTeX\tex/latex/psnfss\omxztmcm.fd
File: omxztmcm.fd 2000/01/03 Fontinst v1.801 font definitions for OMX/ztmcm.
)
LaTeX Font Info:    Font shape `OT1/ptm/bx/n' in size <10.95> not available
(Font)              Font shape `OT1/ptm/b/n' tried instead on input line 5.
LaTeX Font Info:    Font shape `OT1/ptm/bx/n' in size <8> not available
(Font)              Font shape `OT1/ptm/b/n' tried instead on input line 5.
LaTeX Font Info:    Font shape `OT1/ptm/bx/n' in size <6> not available
(Font)              Font shape `OT1/ptm/b/n' tried instead on input line 5.
 [1





 <./Logos/logo-uantwerpen-we-en-rgb-pos.pdf>])
\tf@toc=\write5
\openout5 = `Permanente_Magneet_Lens.toc'.

 [2]
Underfull \hbox (badness 10000) in paragraph at lines 90--91

 []


Underfull \hbox (badness 10000) in paragraph at lines 92--93

 []


pdfTeX warning (ext4): destination with the same identifier (name{page.1}) has been already used, duplicate ignored
<to be read again> 
                   \relax 
l.106 \clearpage
                 [1


]
Underfull \hbox (badness 10000) in paragraph at lines 124--125

 []


Underfull \hbox (badness 10000) in paragraph at lines 126--127

 []


pdfTeX warning (ext4): destination with the same identifier (name{page.2}) has been already used, duplicate ignored
<to be read again> 
                   \relax 
l.138 \chapter
              {Inleiding}\label{ch:inleiding} [2

]
chapter 1.

Class scrbook Warning: \float@addtolists detected!
(scrbook)              Implementation of \float@addtolist became
(scrbook)              deprecated in KOMA-Script v3.01 2008/11/14 and
(scrbook)              has been replaced by several more flexible
(scrbook)              features of package `tocbasic`.
(scrbook)              Since Version 3.12 support for deprecated
(scrbook)              \float@addtolist interface has been
(scrbook)              restricted to only some of the KOMA-Script
(scrbook)              features and been removed from others.
(scrbook)              Loading of package `scrhack' may help to
(scrbook)              avoid this warning, if you are using a
(scrbook)              a package that still implements the
(scrbook)              deprecated \float@addtolist interface.


Underfull \hbox (badness 10000) in paragraph at lines 141--142

 []


Underfull \hbox (badness 10000) in paragraph at lines 143--144

 []


Underfull \hbox (badness 10000) in paragraph at lines 147--148

 []


Underfull \hbox (badness 10000) in paragraph at lines 149--150

 []

<Images/Phillips_CrossSection.jpg, id=133, 1284.8pt x 1712.3975pt>
File: Images/Phillips_CrossSection.jpg Graphic file (type jpg)
<use Images/Phillips_CrossSection.jpg>
Package pdftex.def Info: Images/Phillips_CrossSection.jpg  used on input line 153.
(pdftex.def)             Requested size: 226.19933pt x 301.47696pt.
[3


]
Underfull \hbox (badness 10000) in paragraph at lines 158--159

 []


Underfull \hbox (badness 10000) in paragraph at lines 160--161

 []

[4 <./Images/Phillips_CrossSection.jpg>]
<Images/NanoMI.jpg, id=160, 828.09375pt x 692.5875pt>
File: Images/NanoMI.jpg Graphic file (type jpg)
<use Images/NanoMI.jpg>
Package pdftex.def Info: Images/NanoMI.jpg  used on input line 164.
(pdftex.def)             Requested size: 226.19933pt x 189.17813pt.

Underfull \hbox (badness 1264) in paragraph at lines 165--165
[][][]|\OT1/ptm/m/n/10.95 Na-noMI is een open-source pro-ject waar-bij men tracht een mo-du-laire transmissie-
 []


Underfull \hbox (badness 10000) in paragraph at lines 176--177

 []


Underfull \hbox (badness 10000) in paragraph at lines 178--179

 []


Underfull \hbox (badness 10000) in paragraph at lines 180--181

 []


Underfull \hbox (badness 10000) in paragraph at lines 182--183

 []

[5 <./Images/NanoMI.jpg>]
Underfull \hbox (badness 10000) in paragraph at lines 184--185

 []


Underfull \hbox (badness 10000) in paragraph at lines 186--187

 []

[6]
chapter 2.

LaTeX Warning: Reference `ch' on page 7 undefined on input line 202.


Underfull \hbox (badness 10000) in paragraph at lines 201--203

 []


Underfull \hbox (badness 10000) in paragraph at lines 207--208

 []

[7


]
Underfull \hbox (badness 10000) in paragraph at lines 209--210

 []

<Images/SEM_principle.png, id=201, 467.94826pt x 368.577pt>
File: Images/SEM_principle.png Graphic file (type png)
<use Images/SEM_principle.png>
Package pdftex.def Info: Images/SEM_principle.png  used on input line 215.
(pdftex.def)             Requested size: 271.44194pt x 213.80292pt.

Underfull \vbox (badness 10000) has occurred while \output is active []

 [8]
<Images/TEM_principle.JPG, id=213, 1906.12125pt x 1962.33125pt>
File: Images/TEM_principle.JPG Graphic file (type jpg)
<use Images/TEM_principle.JPG>
Package pdftex.def Info: Images/TEM_principle.JPG  used on input line 222.
(pdftex.def)             Requested size: 361.92029pt x 372.57733pt.
<Images/SEM_image.jpg, id=216, 1284.8pt x 1071.00125pt>
File: Images/SEM_image.jpg Graphic file (type jpg)
<use Images/SEM_image.jpg>
Package pdftex.def Info: Images/SEM_image.jpg  used on input line 229.
(pdftex.def)             Requested size: 271.44194pt x 226.2733pt.
 [9 <./Images/SEM_principle.png> <./Images/TEM_principle.JPG>]
<Images/TEM_image2.png, id=225, 467.7475pt x 528.97626pt>
File: Images/TEM_image2.png Graphic file (type png)
<use Images/TEM_image2.png>
Package pdftex.def Info: Images/TEM_image2.png  used on input line 236.
(pdftex.def)             Requested size: 271.44194pt x 306.99208pt.

Underfull \hbox (badness 10000) in paragraph at lines 244--245

 []

[10 <./Images/SEM_image.jpg> <./Images/TEM_image2.png>]
<Images/Magnetic_Electron_Lens_illustration.jpg, id=238, 1244.65pt x 781.92125pt>
File: Images/Magnetic_Electron_Lens_illustration.jpg Graphic file (type jpg)
<use Images/Magnetic_Electron_Lens_illustration.jpg>
Package pdftex.def Info: Images/Magnetic_Electron_Lens_illustration.jpg  used on input line 251.
(pdftex.def)             Requested size: 407.15602pt x 255.77982pt.
 [11 <./Images/Magnetic_Electron_Lens_illustration.jpg>]
<Images/Thick_Lens.png, id=250, 474.792pt x 294.555pt>
File: Images/Thick_Lens.png Graphic file (type png)
<use Images/Thick_Lens.png>
Package pdftex.def Info: Images/Thick_Lens.png  used on input line 283.
(pdftex.def)             Requested size: 407.15602pt x 252.59772pt.
 [12 <./Images/Thick_Lens.png>]
<Images/f_ambiguity.png, id=264, 1300.86pt x 433.62pt>
File: Images/f_ambiguity.png Graphic file (type png)
<use Images/f_ambiguity.png>
Package pdftex.def Info: Images/f_ambiguity.png  used on input line 294.
(pdftex.def)             Requested size: 452.39865pt x 150.79665pt.
LaTeX Font Info:    Trying to load font information for TS1+ptm on input line 301.
 (C:\Users\desde\AppData\Local\Programs\MiKTeX\tex/latex/psnfss\ts1ptm.fd
File: ts1ptm.fd 2001/06/04 font definitions for TS1/ptm.
)
<Images/reeel_asymptotisch.png, id=266, 462.528pt x 346.896pt>
File: Images/reeel_asymptotisch.png Graphic file (type png)
<use Images/reeel_asymptotisch.png>
Package pdftex.def Info: Images/reeel_asymptotisch.png  used on input line 308.
(pdftex.def)             Requested size: 361.92029pt x 271.45116pt.

Underfull \vbox (badness 10000) has occurred while \output is active []

 [13 <./Images/f_ambiguity.png>]

LaTeX Warning: Reference `principal_plane_def' on page 14 undefined on input line 313.


Underfull \hbox (badness 10000) in paragraph at lines 313--314

 []

<Images/principal_plane_def.png, id=274, 722.7pt x 505.89pt>
File: Images/principal_plane_def.png Graphic file (type png)
<use Images/principal_plane_def.png>
Package pdftex.def Info: Images/principal_plane_def.png  used on input line 317.
(pdftex.def)             Requested size: 316.67767pt x 221.67369pt.
[14 <./Images/reeel_asymptotisch.png> <./Images/principal_plane_def.png>]
<Images/spherical_ab.png, id=284, 809.862pt x 270.903pt>
File: Images/spherical_ab.png Graphic file (type png)
<use Images/spherical_ab.png>
Package pdftex.def Info: Images/spherical_ab.png  used on input line 331.
(pdftex.def)             Requested size: 271.44194pt x 90.79956pt.

Underfull \hbox (badness 10000) in paragraph at lines 341--343

 []

[15 <./Images/spherical_ab.png>]
<Images/distortion.png, id=298, 553.194pt x 312.294pt>
File: Images/distortion.png Graphic file (type png)
<use Images/distortion.png>
Package pdftex.def Info: Images/distortion.png  used on input line 349.
(pdftex.def)             Requested size: 271.44194pt x 153.23506pt.

Underfull \hbox (badness 10000) in paragraph at lines 359--361

 []

[16 <./Images/distortion.png>]
Underfull \hbox (badness 10000) in paragraph at lines 371--373

 []


Underfull \hbox (badness 10000) in paragraph at lines 375--376

 []

<Images/perm_mag_lens_2.JPG, id=312, 471.26062pt x 405.76593pt>
File: Images/perm_mag_lens_2.JPG Graphic file (type jpg)
<use Images/perm_mag_lens_2.JPG>
Package pdftex.def Info: Images/perm_mag_lens_2.JPG  used on input line 381.
(pdftex.def)             Requested size: 361.92029pt x 311.62346pt.

Underfull \hbox (badness 10000) in paragraph at lines 386--387

 []

[17 <./Images/perm_mag_lens_2.JPG>]
Underfull \hbox (badness 10000) in paragraph at lines 388--389

 []


Underfull \hbox (badness 10000) in paragraph at lines 390--391

 []

<Images/perm_mag_lens_1.png, id=326, 435.153pt x 273.531pt>
File: Images/perm_mag_lens_1.png Graphic file (type png)
<use Images/perm_mag_lens_1.png>
Package pdftex.def Info: Images/perm_mag_lens_1.png  used on input line 394.
(pdftex.def)             Requested size: 361.92029pt x 227.51064pt.

Underfull \hbox (badness 10000) in paragraph at lines 400--401

 []

[18 <./Images/perm_mag_lens_1.png>]
<Images/maxwell_2_cilinder.png, id=342, 510.927pt x 185.055pt>
File: Images/maxwell_2_cilinder.png Graphic file (type png)
<use Images/maxwell_2_cilinder.png>
Package pdftex.def Info: Images/maxwell_2_cilinder.png  used on input line 423.
(pdftex.def)             Requested size: 226.19933pt x 81.92706pt.
 [19 <./Images/maxwell_2_cilinder.png>]
Underfull \hbox (badness 10000) in paragraph at lines 458--460

 []

[20] [21] [22


]
chapter 3.

Underfull \hbox (badness 10000) in paragraph at lines 493--494

 []

[23]
Underfull \hbox (badness 10000) in paragraph at lines 496--497

 []


Underfull \hbox (badness 10000) in paragraph at lines 498--499

 []


Underfull \hbox (badness 10000) in paragraph at lines 501--502

 []

<Images/lens_circuit_diagram.png, id=394, 658.971pt x 478.734pt>
File: Images/lens_circuit_diagram.png Graphic file (type png)
<use Images/lens_circuit_diagram.png>
Package pdftex.def Info: Images/lens_circuit_diagram.png  used on input line 507.
(pdftex.def)             Requested size: 361.92029pt x 262.92465pt.

Underfull \vbox (badness 10000) has occurred while \output is active []

 [24]
Underfull \hbox (badness 10000) in paragraph at lines 521--522

 []


Underfull \hbox (badness 10000) in paragraph at lines 524--525

 []


Underfull \hbox (badness 10000) in paragraph at lines 526--527

 []

[25 <./Images/lens_circuit_diagram.png>]
Underfull \hbox (badness 10000) in paragraph at lines 528--529

 []

<Images/analytic_expression_1_ring.png, id=411, 428.145pt x 378.651pt>
File: Images/analytic_expression_1_ring.png Graphic file (type png)
<use Images/analytic_expression_1_ring.png>
Package pdftex.def Info: Images/analytic_expression_1_ring.png  used on input line 535.
(pdftex.def)             Requested size: 226.19933pt x 200.04852pt.
[26 <./Images/analytic_expression_1_ring.png>]
<Images/B_field_1_annulus.png, id=420, 462.528pt x 346.896pt>
File: Images/B_field_1_annulus.png Graphic file (type png)
<use Images/B_field_1_annulus.png>
Package pdftex.def Info: Images/B_field_1_annulus.png  used on input line 554.
(pdftex.def)             Requested size: 271.44194pt x 203.59233pt.
<Images/analytic_expression_2_rings.png, id=424, 472.821pt x 398.142pt>
File: Images/analytic_expression_2_rings.png Graphic file (type png)
<use Images/analytic_expression_2_rings.png>
Package pdftex.def Info: Images/analytic_expression_2_rings.png  used on input line 562.
(pdftex.def)             Requested size: 203.578pt x 171.4225pt.

Underfull \vbox (badness 3068) has occurred while \output is active []

 [27 <./Images/B_field_1_annulus.png>]
<Images/B_field_2_annula.png, id=435, 462.528pt x 346.896pt>
File: Images/B_field_2_annula.png Graphic file (type png)
<use Images/B_field_2_annula.png>
Package pdftex.def Info: Images/B_field_2_annula.png  used on input line 587.
(pdftex.def)             Requested size: 271.44194pt x 203.59233pt.

Underfull \hbox (badness 10000) in paragraph at lines 591--592

 []

[28 <./Images/analytic_expression_2_rings.png> <./Images/B_field_2_annula.png>]
<Images/B_field_1_annulus_d1.png, id=448, 462.528pt x 346.896pt>
File: Images/B_field_1_annulus_d1.png Graphic file (type png)
<use Images/B_field_1_annulus_d1.png>
Package pdftex.def Info: Images/B_field_1_annulus_d1.png  used on input line 621.
(pdftex.def)             Requested size: 203.578pt x 152.68234pt.
LaTeX Font Info:    Font shape `OT1/ptm/bx/n' in size <10> not available
(Font)              Font shape `OT1/ptm/b/n' tried instead on input line 622.
LaTeX Font Info:    Font shape `OT1/ptm/bx/n' in size <7.4> not available
(Font)              Font shape `OT1/ptm/b/n' tried instead on input line 622.
<Images/B_field_1_annulus_d2.png, id=449, 462.528pt x 346.896pt>
File: Images/B_field_1_annulus_d2.png Graphic file (type png)
<use Images/B_field_1_annulus_d2.png>
Package pdftex.def Info: Images/B_field_1_annulus_d2.png  used on input line 628.
(pdftex.def)             Requested size: 203.578pt x 152.68234pt.
<Images/B_field_2_annula_d1.png, id=450, 462.528pt x 346.896pt>
File: Images/B_field_2_annula_d1.png Graphic file (type png)
<use Images/B_field_2_annula_d1.png>
Package pdftex.def Info: Images/B_field_2_annula_d1.png  used on input line 636.
(pdftex.def)             Requested size: 203.578pt x 152.68234pt.
<Images/B_field_2_annula_d2.png, id=451, 462.528pt x 346.896pt>
File: Images/B_field_2_annula_d2.png Graphic file (type png)
<use Images/B_field_2_annula_d2.png>
Package pdftex.def Info: Images/B_field_2_annula_d2.png  used on input line 643.
(pdftex.def)             Requested size: 203.578pt x 152.68234pt.

Underfull \vbox (badness 10000) has occurred while \output is active []

 [29]
<Images/B_field_SIMION.png, id=463, 462.528pt x 346.896pt>
File: Images/B_field_SIMION.png Graphic file (type png)
<use Images/B_field_SIMION.png>
Package pdftex.def Info: Images/B_field_SIMION.png  used on input line 656.
(pdftex.def)             Requested size: 271.44194pt x 203.59233pt.

Overfull \hbox (3.3027pt too wide) in paragraph at lines 653--659
\OT1/ptm/m/n/10.95 voor een la-dings-dicht-heid-ver-de-ling op te los-sen. Het pro-gramma kan dit door mid-del van finite-difference
 []


Underfull \vbox (badness 10000) has occurred while \output is active []

 [30 <./Images/B_field_1_annulus_d1.png> <./Images/B_field_1_annulus_d2.png> <./Images/B_field_2_annula_d1.png> <./Images/B_field_2_annula_d2.png>]
Underfull \hbox (badness 10000) in paragraph at lines 666--667

 []


Underfull \hbox (badness 10000) in paragraph at lines 668--669

 []

[31 <./Images/B_field_SIMION.png>]
<Images/magnetic_circuit.png, id=484, 462.966pt x 357.408pt>
File: Images/magnetic_circuit.png Graphic file (type png)
<use Images/magnetic_circuit.png>
Package pdftex.def Info: Images/magnetic_circuit.png  used on input line 679.
(pdftex.def)             Requested size: 158.34229pt x 122.24243pt.
<Images/magnetic_circuit_Hd.png, id=485, 287.109pt x 302.439pt>
File: Images/magnetic_circuit_Hd.png Graphic file (type png)
<use Images/magnetic_circuit_Hd.png>
Package pdftex.def Info: Images/magnetic_circuit_Hd.png  used on input line 686.
(pdftex.def)             Requested size: 113.09966pt x 119.13673pt.
<Images/magnetic_circuit_symbolic.png, id=486, 381.936pt x 328.062pt>
File: Images/magnetic_circuit_symbolic.png Graphic file (type png)
<use Images/magnetic_circuit_symbolic.png>
Package pdftex.def Info: Images/magnetic_circuit_symbolic.png  used on input line 693.
(pdftex.def)             Requested size: 135.72096pt x 116.58046pt.

Underfull \hbox (badness 10000) in paragraph at lines 751--752

 []

[32 <./Images/magnetic_circuit.png> <./Images/magnetic_circuit_Hd.png> <./Images/magnetic_circuit_symbolic.png>]
<Images/BH_curve_NdFeB.JPG, id=507, 797.98125pt x 519.44063pt>
File: Images/BH_curve_NdFeB.JPG Graphic file (type jpg)
<use Images/BH_curve_NdFeB.JPG>
Package pdftex.def Info: Images/BH_curve_NdFeB.JPG  used on input line 757.
(pdftex.def)             Requested size: 407.15602pt x 265.03802pt.
<Images/operating_point_15.png, id=510, 462.528pt x 346.896pt>
File: Images/operating_point_15.png Graphic file (type png)
<use Images/operating_point_15.png>
Package pdftex.def Info: Images/operating_point_15.png  used on input line 764.
(pdftex.def)             Requested size: 271.44194pt x 203.59233pt.

Underfull \vbox (badness 10000) has occurred while \output is active []

 [33 <./Images/BH_curve_NdFeB.JPG>] [34 <./Images/operating_point_15.png>]
<Images/Interactive_B_field.JPG, id=531, 1098.35344pt x 613.54219pt>
File: Images/Interactive_B_field.JPG Graphic file (type jpg)
<use Images/Interactive_B_field.JPG>
Package pdftex.def Info: Images/Interactive_B_field.JPG  used on input line 803.
(pdftex.def)             Requested size: 407.15602pt x 227.4377pt.
 [35 <./Images/Interactive_B_field.JPG>]
<Images/Glasers_B_field.png, id=549, 462.528pt x 346.896pt>
File: Images/Glasers_B_field.png Graphic file (type png)
<use Images/Glasers_B_field.png>
Package pdftex.def Info: Images/Glasers_B_field.png  used on input line 836.
(pdftex.def)             Requested size: 203.578pt x 152.68234pt.
<Images/Constant_B_field.png, id=550, 462.528pt x 346.896pt>
File: Images/Constant_B_field.png Graphic file (type png)
<use Images/Constant_B_field.png>
Package pdftex.def Info: Images/Constant_B_field.png  used on input line 843.
(pdftex.def)             Requested size: 203.578pt x 152.68234pt.
<Images/Sech_field.png, id=551, 462.528pt x 346.896pt>
File: Images/Sech_field.png Graphic file (type png)
<use Images/Sech_field.png>
Package pdftex.def Info: Images/Sech_field.png  used on input line 852.
(pdftex.def)             Requested size: 203.578pt x 152.68234pt.
<Images/Actual_B_field.png, id=552, 462.528pt x 346.896pt>
File: Images/Actual_B_field.png Graphic file (type png)
<use Images/Actual_B_field.png>
Package pdftex.def Info: Images/Actual_B_field.png  used on input line 859.
(pdftex.def)             Requested size: 203.578pt x 152.68234pt.

Underfull \hbox (badness 10000) in paragraph at lines 867--868

 []

[36 <./Images/Glasers_B_field.png> <./Images/Constant_B_field.png> <./Images/Sech_field.png> <./Images/Actual_B_field.png>]
Underfull \hbox (badness 10000) in paragraph at lines 877--878

 []

<Images/setup_1.png, id=570, 462.528pt x 346.896pt>
File: Images/setup_1.png Graphic file (type png)
<use Images/setup_1.png>
Package pdftex.def Info: Images/setup_1.png  used on input line 883.
(pdftex.def)             Requested size: 271.44194pt x 203.59233pt.
<Images/setup_2.png, id=571, 462.528pt x 346.896pt>
File: Images/setup_2.png Graphic file (type png)
<use Images/setup_2.png>
Package pdftex.def Info: Images/setup_2.png  used on input line 890.
(pdftex.def)             Requested size: 271.44194pt x 203.59233pt.
[37 <./Images/setup_1.png>] [38 <./Images/setup_2.png>]
chapter 4.

Underfull \hbox (badness 10000) in paragraph at lines 927--928

 []

[39


]
<Images/BH_curve_ASI1018.png, id=613, 853.1875pt x 476.78125pt>
File: Images/BH_curve_ASI1018.png Graphic file (type png)
<use Images/BH_curve_ASI1018.png>
Package pdftex.def Info: Images/BH_curve_ASI1018.png  used on input line 939.
(pdftex.def)             Requested size: 339.29898pt x 189.61058pt.
<Images/operating_point_25.png, id=616, 462.528pt x 346.896pt>
File: Images/operating_point_25.png Graphic file (type png)
<use Images/operating_point_25.png>
Package pdftex.def Info: Images/operating_point_25.png  used on input line 946.
(pdftex.def)             Requested size: 339.29898pt x 254.48645pt.

Underfull \vbox (badness 10000) has occurred while \output is active []

 [40 <./Images/BH_curve_ASI1018.png>]
LaTeX Font Info:    Font shape `OT1/ptm/bx/n' in size <9> not available
(Font)              Font shape `OT1/ptm/b/n' tried instead on input line 969.
LaTeX Font Info:    Font shape `OT1/ptm/bx/n' in size <7> not available
(Font)              Font shape `OT1/ptm/b/n' tried instead on input line 969.
LaTeX Font Info:    Font shape `OT1/ptm/bx/n' in size <5> not available
(Font)              Font shape `OT1/ptm/b/n' tried instead on input line 969.

Underfull \hbox (badness 10000) in paragraph at lines 969--970

 []

[41 <./Images/operating_point_25.png>]
Underfull \hbox (badness 10000) in paragraph at lines 971--972

 []

<Images/variable_R_1.png, id=640, 462.528pt x 346.896pt>
File: Images/variable_R_1.png Graphic file (type png)
<use Images/variable_R_1.png>
Package pdftex.def Info: Images/variable_R_1.png  used on input line 978.
(pdftex.def)             Requested size: 407.15602pt x 305.38057pt.
<Images/variable_R_2.png, id=641, 462.528pt x 346.896pt>
File: Images/variable_R_2.png Graphic file (type png)
<use Images/variable_R_2.png>
Package pdftex.def Info: Images/variable_R_2.png  used on input line 985.
(pdftex.def)             Requested size: 407.15602pt x 305.38057pt.

Underfull \vbox (badness 10000) has occurred while \output is active []

 [42 <./Images/variable_R_1.png>]
<Images/variable_d.png, id=647, 462.528pt x 346.896pt>
File: Images/variable_d.png Graphic file (type png)
<use Images/variable_d.png>
Package pdftex.def Info: Images/variable_d.png  used on input line 992.
(pdftex.def)             Requested size: 407.15602pt x 305.38057pt.
<Images/variable_B_r.png, id=648, 462.528pt x 346.896pt>
File: Images/variable_B_r.png Graphic file (type png)
<use Images/variable_B_r.png>
Package pdftex.def Info: Images/variable_B_r.png  used on input line 999.
(pdftex.def)             Requested size: 407.15602pt x 305.38057pt.

Underfull \vbox (badness 7631) has occurred while \output is active []

 [43 <./Images/variable_R_2.png> <./Images/variable_d.png>]
<Images/variable_T.png, id=657, 462.528pt x 346.896pt>
File: Images/variable_T.png Graphic file (type png)
<use Images/variable_T.png>
Package pdftex.def Info: Images/variable_T.png  used on input line 1006.
(pdftex.def)             Requested size: 407.15602pt x 305.38057pt.
<Images/variable_R_1_ab.png, id=659, 462.528pt x 346.896pt>
File: Images/variable_R_1_ab.png Graphic file (type png)
<use Images/variable_R_1_ab.png>
Package pdftex.def Info: Images/variable_R_1_ab.png  used on input line 1018.
(pdftex.def)             Requested size: 203.578pt x 152.68234pt.
<Images/variable_R_2_ab.png, id=660, 462.528pt x 346.896pt>
File: Images/variable_R_2_ab.png Graphic file (type png)
<use Images/variable_R_2_ab.png>
Package pdftex.def Info: Images/variable_R_2_ab.png  used on input line 1025.
(pdftex.def)             Requested size: 203.578pt x 152.68234pt.
<Images/variable_d_ab.png, id=661, 462.528pt x 346.896pt>
File: Images/variable_d_ab.png Graphic file (type png)
<use Images/variable_d_ab.png>
Package pdftex.def Info: Images/variable_d_ab.png  used on input line 1033.
(pdftex.def)             Requested size: 203.578pt x 152.68234pt.
<Images/variable_B_r_ab.png, id=662, 462.528pt x 346.896pt>
File: Images/variable_B_r_ab.png Graphic file (type png)
<use Images/variable_B_r_ab.png>
Package pdftex.def Info: Images/variable_B_r_ab.png  used on input line 1040.
(pdftex.def)             Requested size: 203.578pt x 152.68234pt.
 [44 <./Images/variable_B_r.png> <./Images/variable_T.png>]
Underfull \vbox (badness 10000) has occurred while \output is active []

 [45 <./Images/variable_R_1_ab.png> <./Images/variable_R_2_ab.png> <./Images/variable_d_ab.png> <./Images/variable_B_r_ab.png>]
Underfull \hbox (badness 10000) in paragraph at lines 1080--1081

 []


Underfull \hbox (badness 10000) in paragraph at lines 1082--1083

 []

<Images/FreeCAD_2D.JPG, id=689, 590.95781pt x 483.30562pt>
File: Images/FreeCAD_2D.JPG Graphic file (type jpg)
<use Images/FreeCAD_2D.JPG>
Package pdftex.def Info: Images/FreeCAD_2D.JPG  used on input line 1089.
(pdftex.def)             Requested size: 180.9567pt x 147.98691pt.
<Images/FreeCAD_3D_1.JPG, id=690, 525.46312pt x 413.29407pt>
File: Images/FreeCAD_3D_1.JPG Graphic file (type jpg)
<use Images/FreeCAD_3D_1.JPG>
Package pdftex.def Info: Images/FreeCAD_3D_1.JPG  used on input line 1096.
(pdftex.def)             Requested size: 180.9567pt x 142.32803pt.
<Images/FreeCAD_3D_2.JPG, id=691, 568.37344pt x 483.30562pt>
File: Images/FreeCAD_3D_2.JPG Graphic file (type jpg)
<use Images/FreeCAD_3D_2.JPG>
Package pdftex.def Info: Images/FreeCAD_3D_2.JPG  used on input line 1105.
(pdftex.def)             Requested size: 180.9567pt x 153.87187pt.
<Images/FreeCAD_3D_4.JPG, id=692, 655.69969pt x 491.58656pt>
File: Images/FreeCAD_3D_4.JPG Graphic file (type jpg)
<use Images/FreeCAD_3D_4.JPG>
Package pdftex.def Info: Images/FreeCAD_3D_4.JPG  used on input line 1112.
(pdftex.def)             Requested size: 180.9567pt x 135.66302pt.
[46]
Underfull \hbox (badness 10000) in paragraph at lines 1121--1122

 []

<Images/Polepieces_separated.jpg, id=706, 406.51875pt x 232.87pt>
File: Images/Polepieces_separated.jpg Graphic file (type jpg)
<use Images/Polepieces_separated.jpg>
Package pdftex.def Info: Images/Polepieces_separated.jpg  used on input line 1125.
(pdftex.def)             Requested size: 407.15602pt x 233.24251pt.

Underfull \vbox (badness 10000) has occurred while \output is active []

 [47 <./Images/FreeCAD_2D.JPG> <./Images/FreeCAD_3D_1.JPG> <./Images/FreeCAD_3D_2.JPG> <./Images/FreeCAD_3D_4.JPG>]
<Images/lens_assembled.jpeg, id=716, 1606.0pt x 1606.0pt>
File: Images/lens_assembled.jpeg Graphic file (type jpg)
<use Images/lens_assembled.jpeg>
Package pdftex.def Info: Images/lens_assembled.jpeg  used on input line 1132.
(pdftex.def)             Requested size: 294.05635pt x 294.04216pt.
<Images/lens_magnet_measurements.jpeg, id=717, 1564.84625pt x 1606.0pt>
File: Images/lens_magnet_measurements.jpeg Graphic file (type jpg)
<use Images/lens_magnet_measurements.jpeg>
Package pdftex.def Info: Images/lens_magnet_measurements.jpeg  used on input line 1139.
(pdftex.def)             Requested size: 294.05635pt x 301.78592pt.

Underfull \vbox (badness 10000) has occurred while \output is active []

 [48 <./Images/Polepieces_separated.jpg> <./Images/lens_assembled.jpeg>] [49 <./Images/lens_magnet_measurements.jpeg>] [50


]
chapter 5.

Underfull \hbox (badness 10000) in paragraph at lines 1160--1161

 []

<Images/MIRA_inside.png, id=734, 766.719pt x 542.025pt>
File: Images/MIRA_inside.png Graphic file (type png)
<use Images/MIRA_inside.png>
Package pdftex.def Info: Images/MIRA_inside.png  used on input line 1164.
(pdftex.def)             Requested size: 361.92029pt x 255.86005pt.

Underfull \hbox (badness 10000) in paragraph at lines 1169--1170

 []

[51 <./Images/MIRA_inside.png>]
<Images/grid_holder_rail.jpg, id=746, 1445.4pt x 1927.2pt>
File: Images/grid_holder_rail.jpg Graphic file (type jpg)
<use Images/grid_holder_rail.jpg>
Package pdftex.def Info: Images/grid_holder_rail.jpg  used on input line 1177.
(pdftex.def)             Requested size: 217.14941pt x 289.50864pt.
<Images/Lens_in_MIRA.jpg, id=747, 439.6425pt x 438.8897pt>
File: Images/Lens_in_MIRA.jpg Graphic file (type jpg)
<use Images/Lens_in_MIRA.jpg>
Package pdftex.def Info: Images/Lens_in_MIRA.jpg  used on input line 1184.
(pdftex.def)             Requested size: 217.14941pt x 216.77223pt.

Underfull \hbox (badness 10000) in paragraph at lines 1193--1194

 []

[52 <./Images/grid_holder_rail.jpg> <./Images/Lens_in_MIRA.jpg>]
<Images/18.02.26_Emat_Feature_SEM.png, id=755, 449.169pt x 333.099pt>
File: Images/18.02.26_Emat_Feature_SEM.png Graphic file (type png)
<use Images/18.02.26_Emat_Feature_SEM.png>
Package pdftex.def Info: Images/18.02.26_Emat_Feature_SEM.png  used on input line 1203.
(pdftex.def)             Requested size: 217.14941pt x 161.03946pt.
<Images/18.02.26_Emat_Feature_STEM.png, id=756, 860.7357pt x 607.068pt>
File: Images/18.02.26_Emat_Feature_STEM.png Graphic file (type png)
<use Images/18.02.26_Emat_Feature_STEM.png>
Package pdftex.def Info: Images/18.02.26_Emat_Feature_STEM.png  used on input line 1210.
(pdftex.def)             Requested size: 217.14941pt x 153.14682pt.

Underfull \hbox (badness 10000) in paragraph at lines 1218--1219

 []

<Images/18.02.26_Emat_Feature_1mmunderfocus.png, id=758, 721.9773pt x 691.6239pt>
File: Images/18.02.26_Emat_Feature_1mmunderfocus.png Graphic file (type png)
<use Images/18.02.26_Emat_Feature_1mmunderfocus.png>
Package pdftex.def Info: Images/18.02.26_Emat_Feature_1mmunderfocus.png  used on input line 1224.
(pdftex.def)             Requested size: 294.05635pt x 281.68915pt.
[53 <./Images/18.02.26_Emat_Feature_SEM.png> <./Images/18.02.26_Emat_Feature_STEM.png> <./Images/18.02.26_Emat_Feature_1mmunderfocus.png>]
Underfull \hbox (badness 10000) in paragraph at lines 1232--1233

 []

<Images/02.03.26_Hexagons_Setup.png, id=769, 514.92375pt x 322.20375pt>
File: Images/02.03.26_Hexagons_Setup.png Graphic file (type png)
<use Images/02.03.26_Hexagons_Setup.png>
Package pdftex.def Info: Images/02.03.26_Hexagons_Setup.png  used on input line 1238.
(pdftex.def)             Requested size: 248.82063pt x 155.6934pt.
<Images/02.03.26_Hexagons_Setup_2.png, id=770, 406.464pt x 375.366pt>
File: Images/02.03.26_Hexagons_Setup_2.png Graphic file (type png)
<use Images/02.03.26_Hexagons_Setup_2.png>
Package pdftex.def Info: Images/02.03.26_Hexagons_Setup_2.png  used on input line 1245.
(pdftex.def)             Requested size: 194.52809pt x 179.64668pt.
<Images/02.03.26_Hexagons_SEM.png, id=771, 449.169pt x 333.099pt>
File: Images/02.03.26_Hexagons_SEM.png Graphic file (type png)
<use Images/02.03.26_Hexagons_SEM.png>
Package pdftex.def Info: Images/02.03.26_Hexagons_SEM.png  used on input line 1256.
(pdftex.def)             Requested size: 217.14941pt x 161.03946pt.
<Images/02.03.26_Hexagons_Measurements.png, id=772, 576.65437pt x 574.39594pt>
File: Images/02.03.26_Hexagons_Measurements.png Graphic file (type png)
<use Images/02.03.26_Hexagons_Measurements.png>
Package pdftex.def Info: Images/02.03.26_Hexagons_Measurements.png  used on input line 1263.
(pdftex.def)             Requested size: 180.9567pt x 180.24327pt.

Underfull \hbox (badness 10000) in paragraph at lines 1271--1272

 []

[54 <./Images/02.03.26_Hexagons_Setup.png> <./Images/02.03.26_Hexagons_Setup_2.png> <./Images/02.03.26_Hexagons_SEM.png> <./Images/02.03.26_Hexagons_Measurements.png>]
<Images/02.03.26_Hexagons_10mmunderfocus.png, id=786, 648.021pt x 584.4234pt>
File: Images/02.03.26_Hexagons_10mmunderfocus.png Graphic file (type png)
<use Images/02.03.26_Hexagons_10mmunderfocus.png>
Package pdftex.def Info: Images/02.03.26_Hexagons_10mmunderfocus.png  used on input line 1277.
(pdftex.def)             Requested size: 384.54161pt x 346.80435pt.

Underfull \hbox (badness 10000) in paragraph at lines 1288--1289

 []

[55 <./Images/02.03.26_Hexagons_10mmunderfocus.png>]
<Images/18.03.26_grid_Measurements.png, id=799, 696.35156pt x 608.2725pt>
File: Images/18.03.26_grid_Measurements.png Graphic file (type png)
<use Images/18.03.26_grid_Measurements.png>
Package pdftex.def Info: Images/18.03.26_grid_Measurements.png  used on input line 1294.
(pdftex.def)             Requested size: 271.44194pt x 237.10466pt.
<Images/18.03.26_grid.png, id=800, 627.3036pt x 512.6352pt>
File: Images/18.03.26_grid.png Graphic file (type png)
<use Images/18.03.26_grid.png>
Package pdftex.def Info: Images/18.03.26_grid.png  used on input line 1301.
(pdftex.def)             Requested size: 316.67767pt x 258.79659pt.
<Images/18.03.26_grid_Rescaled.png, id=801, 621.0402pt x 512.6352pt>
File: Images/18.03.26_grid_Rescaled.png Graphic file (type png)
<use Images/18.03.26_grid_Rescaled.png>
Package pdftex.def Info: Images/18.03.26_grid_Rescaled.png  used on input line 1308.
(pdftex.def)             Requested size: 316.67767pt x 261.40138pt.
 [56 <./Images/18.03.26_grid_Measurements.png> <./Images/18.03.26_grid.png>]
Underfull \hbox (badness 10000) in paragraph at lines 1319--1321

 []


Underfull \hbox (badness 10000) in paragraph at lines 1322--1323

 []


LaTeX Warning: Reference `fig:18.03.26_raster' on page 57 undefined on input line 1324.


LaTeX Warning: Reference `fig:18.03.26_raster_Rescaled' on page 57 undefined on input line 1324.

<Images/Twin_Images.png, id=814, 510.2262pt x 431.9337pt>
File: Images/Twin_Images.png Graphic file (type png)
<use Images/Twin_Images.png>
Package pdftex.def Info: Images/Twin_Images.png  used on input line 1328.
(pdftex.def)             Requested size: 361.92029pt x 306.38507pt.

Underfull \vbox (badness 2197) has occurred while \output is active []

 [57 <./Images/18.03.26_grid_Rescaled.png>]
Underfull \hbox (badness 10000) in paragraph at lines 1348--1349

 []

[58 <./Images/Twin_Images.png>]
<Images/rear_mesh_shadowgraph.png, id=835, 927.246pt x 475.011pt>
File: Images/rear_mesh_shadowgraph.png Graphic file (type png)
<use Images/rear_mesh_shadowgraph.png>
Package pdftex.def Info: Images/rear_mesh_shadowgraph.png  used on input line 1359.
(pdftex.def)             Requested size: 407.15602pt x 208.57785pt.

Underfull \hbox (badness 10000) in paragraph at lines 1374--1376

 []

<Images/rear_mesh_shadowgraph_virtual_image.png, id=838, 927.246pt x 475.011pt>
File: Images/rear_mesh_shadowgraph_virtual_image.png Graphic file (type png)
<use Images/rear_mesh_shadowgraph_virtual_image.png>
Package pdftex.def Info: Images/rear_mesh_shadowgraph_virtual_image.png  used on input line 1382.
(pdftex.def)             Requested size: 407.15602pt x 208.57785pt.
[59 <./Images/rear_mesh_shadowgraph.png>]
Underfull \hbox (badness 10000) in paragraph at lines 1395--1396

 []


Underfull \hbox (badness 10000) in paragraph at lines 1397--1398

 []


Underfull \hbox (badness 10000) in paragraph at lines 1411--1412

 []


Underfull \hbox (badness 10000) in paragraph at lines 1413--1414

 []

[60 <./Images/rear_mesh_shadowgraph_virtual_image.png>]
<Images/Monte_Carlo_1.png, id=869, 1155.5973pt x 516.0078pt>
File: Images/Monte_Carlo_1.png Graphic file (type png)
<use Images/Monte_Carlo_1.png>
Package pdftex.def Info: Images/Monte_Carlo_1.png  used on input line 1419.
(pdftex.def)             Requested size: 452.39865pt x 202.00597pt.
<Images/Monte_Carlo_2.png, id=870, 1011.78pt x 361.35pt>
File: Images/Monte_Carlo_2.png Graphic file (type png)
<use Images/Monte_Carlo_2.png>
Package pdftex.def Info: Images/Monte_Carlo_2.png  used on input line 1426.
(pdftex.def)             Requested size: 452.39865pt x 161.57492pt.
 [61 <./Images/Monte_Carlo_1.png> <./Images/Monte_Carlo_2.png>]
<Images/ThorLabs_cage.png, id=880, 782.925pt x 501.875pt>
File: Images/ThorLabs_cage.png Graphic file (type png)
<use Images/ThorLabs_cage.png>
Package pdftex.def Info: Images/ThorLabs_cage.png  used on input line 1438.
(pdftex.def)             Requested size: 226.19933pt x 144.99629pt.

Underfull \hbox (badness 10000) in paragraph at lines 1450--1451

 []

<Images/3D_prints_measurements.jpeg, id=886, 1606.0pt x 726.715pt>
File: Images/3D_prints_measurements.jpeg Graphic file (type jpg)
<use Images/3D_prints_measurements.jpeg>
Package pdftex.def Info: Images/3D_prints_measurements.jpeg  used on input line 1456.
(pdftex.def)             Requested size: 271.44194pt x 122.81914pt.
[62 <./Images/ThorLabs_cage.png> <./Images/3D_prints_measurements.jpeg>]
<Images/tower_7_crop.png, id=901, 558.58687pt x 925.95938pt>
File: Images/tower_7_crop.png Graphic file (type png)
<use Images/tower_7_crop.png>
Package pdftex.def Info: Images/tower_7_crop.png  used on input line 1468.
(pdftex.def)             Requested size: 131.19257pt x 217.47333pt.
<Images/tower_4_crop.png, id=902, 665.48625pt x 1093.83656pt>
File: Images/tower_4_crop.png Graphic file (type png)
<use Images/tower_4_crop.png>
Package pdftex.def Info: Images/tower_4_crop.png  used on input line 1475.
(pdftex.def)             Requested size: 131.19257pt x 215.62561pt.
<Images/tower_schematic.png, id=903, 452.016pt x 538.302pt>
File: Images/tower_schematic.png Graphic file (type png)
<use Images/tower_schematic.png>
Package pdftex.def Info: Images/tower_schematic.png  used on input line 1482.
(pdftex.def)             Requested size: 158.34229pt x 188.5728pt.
<Images/92mm.png, id=908, 518.6577pt x 428.0793pt>
File: Images/92mm.png Graphic file (type png)
<use Images/92mm.png>
Package pdftex.def Info: Images/92mm.png  used on input line 1511.
(pdftex.def)             Requested size: 217.14941pt x 179.22379pt.
<Images/86mm.png, id=909, 518.6577pt x 428.0793pt>
File: Images/86mm.png Graphic file (type png)
<use Images/86mm.png>
Package pdftex.def Info: Images/86mm.png  used on input line 1518.
(pdftex.def)             Requested size: 217.14941pt x 179.22379pt.

Underfull \vbox (badness 10000) has occurred while \output is active []

 [63 <./Images/tower_7_crop.png> <./Images/tower_4_crop.png> <./Images/tower_schematic.png>]
<Images/measure_pitch_distances.png, id=922, 512.1534pt x 427.5975pt>
File: Images/measure_pitch_distances.png Graphic file (type png)
<use Images/measure_pitch_distances.png>
Package pdftex.def Info: Images/measure_pitch_distances.png  used on input line 1528.
(pdftex.def)             Requested size: 361.92029pt x 302.18051pt.

Underfull \vbox (badness 1092) has occurred while \output is active []

 [64 <./Images/92mm.png> <./Images/86mm.png> <./Images/measure_pitch_distances.png>]
Underfull \hbox (badness 10000) in paragraph at lines 1573--1574

 []


Underfull \hbox (badness 10000) in paragraph at lines 1575--1576

 []

[65]
<Images/leak_67.png, id=944, 462.528pt x 346.896pt>
File: Images/leak_67.png Graphic file (type png)
<use Images/leak_67.png>
Package pdftex.def Info: Images/leak_67.png  used on input line 1581.
(pdftex.def)             Requested size: 407.15602pt x 305.38057pt.

Underfull \vbox (badness 10000) has occurred while \output is active []

 [66 <./Images/leak_67.png>] [67] [68


]
chapter 6.

Underfull \hbox (badness 10000) in paragraph at lines 1614--1615

 []


Underfull \hbox (badness 10000) in paragraph at lines 1616--1617

 []


Underfull \hbox (badness 10000) in paragraph at lines 1621--1622

 []


Underfull \hbox (badness 10000) in paragraph at lines 1623--1624

 []


Underfull \hbox (badness 10000) in paragraph at lines 1625--1626

 []

[69]
<Images/Elmer_FEM.png, id=967, 1475.5125pt x 908.39375pt>
File: Images/Elmer_FEM.png Graphic file (type png)
<use Images/Elmer_FEM.png>
Package pdftex.def Info: Images/Elmer_FEM.png  used on input line 1631.
(pdftex.def)             Requested size: 407.15602pt x 250.6615pt.

Underfull \hbox (badness 10000) in paragraph at lines 1637--1638

 []


Underfull \hbox (badness 10000) in paragraph at lines 1641--1642

 []

[70 <./Images/Elmer_FEM.png>]
Underfull \hbox (badness 10000) in paragraph at lines 1647--1648

 []

<Images/2_magnets_lens.png, id=985, 462.528pt x 346.896pt>
File: Images/2_magnets_lens.png Graphic file (type png)
<use Images/2_magnets_lens.png>
Package pdftex.def Info: Images/2_magnets_lens.png  used on input line 1664.
(pdftex.def)             Requested size: 217.14941pt x 162.86116pt.

Underfull \hbox (badness 1394) in paragraph at lines 1665--1665
[][][]|\OT1/ptm/m/n/10.95 Lens-ei-gen-schap-pen en lens-wer-king
 []

<Images/3_magnets_lens.png, id=986, 462.528pt x 346.896pt>
File: Images/3_magnets_lens.png Graphic file (type png)
<use Images/3_magnets_lens.png>
Package pdftex.def Info: Images/3_magnets_lens.png  used on input line 1681.
(pdftex.def)             Requested size: 217.14941pt x 162.86116pt.

Underfull \hbox (badness 1394) in paragraph at lines 1682--1682
[][][]|\OT1/ptm/m/n/10.95 Lens-ei-gen-schap-pen en lens-wer-king
 []

[71 <./Images/2_magnets_lens.png> <./Images/3_magnets_lens.png>] [72


]
chapter 7.

Underfull \hbox (badness 10000) in paragraph at lines 1687--1688

 []


Underfull \hbox (badness 10000) in paragraph at lines 1689--1690

 []


Underfull \hbox (badness 10000) in paragraph at lines 1691--1692

 []

[73] [74


]
chapter A.

Underfull \hbox (badness 10000) in paragraph at lines 1698--1699

 []


Underfull \hbox (badness 10000) in paragraph at lines 1700--1701

 []


Underfull \hbox (badness 10000) in paragraph at lines 1702--1703

 []


Underfull \hbox (badness 10000) in paragraph at lines 1704--1705

 []

[75] [76]
chapter B.

Underfull \hbox (badness 10000) in paragraph at lines 1742--1743

 []

<Images/82mm.png, id=1014, 518.6577pt x 428.0793pt>
File: Images/82mm.png Graphic file (type png)
<use Images/82mm.png>
Package pdftex.def Info: Images/82mm.png  used on input line 1749.
(pdftex.def)             Requested size: 217.14941pt x 179.22379pt.
<Images/84mm.png, id=1015, 518.6577pt x 428.0793pt>
File: Images/84mm.png Graphic file (type png)
<use Images/84mm.png>
Package pdftex.def Info: Images/84mm.png  used on input line 1756.
(pdftex.def)             Requested size: 217.14941pt x 179.22379pt.
File: Images/86mm.png Graphic file (type png)
<use Images/86mm.png>
Package pdftex.def Info: Images/86mm.png  used on input line 1766.
(pdftex.def)             Requested size: 217.14941pt x 179.22379pt.
<Images/88mm.png, id=1016, 518.6577pt x 428.0793pt>
File: Images/88mm.png Graphic file (type png)
<use Images/88mm.png>
Package pdftex.def Info: Images/88mm.png  used on input line 1773.
(pdftex.def)             Requested size: 217.14941pt x 179.22379pt.
<Images/90mm.png, id=1017, 518.6577pt x 428.0793pt>
File: Images/90mm.png Graphic file (type png)
<use Images/90mm.png>
Package pdftex.def Info: Images/90mm.png  used on input line 1783.
(pdftex.def)             Requested size: 217.14941pt x 179.22379pt.
File: Images/92mm.png Graphic file (type png)
<use Images/92mm.png>
Package pdftex.def Info: Images/92mm.png  used on input line 1790.
(pdftex.def)             Requested size: 217.14941pt x 179.22379pt.

Underfull \vbox (badness 10000) has occurred while \output is active []

 [77


 <./Images/82mm.png> <./Images/84mm.png> <./Images/88mm.png>]
<Images/95mm.png, id=1027, 512.1534pt x 428.0793pt>
File: Images/95mm.png Graphic file (type png)
<use Images/95mm.png>
Package pdftex.def Info: Images/95mm.png  used on input line 1800.
(pdftex.def)             Requested size: 217.14941pt x 181.50345pt.
 (Permanente_Magneet_Lens.bbl (Permanente_Magneet_Lens.brf)
\tf@brf=\write6
\openout6 = `Permanente_Magneet_Lens.brf'.

 [78 <./Images/90mm.png> <./Images/95mm.png>] [79


]
Underfull \hbox (badness 10000) in paragraph at lines 176--176
[]\OT1/ptm/m/n/10 Modus En-gi-nee-ring Team.  Cnc ma-chine to-le-rance ca-pa-bi-li-ties: Un-der-stan-ding
 []


Underfull \hbox (badness 10000) in paragraph at lines 176--176
\OT1/ptm/m/n/10 what your shop can de-li-ver.  [][]$\OT1/cmtt/m/n/10 https : / / www . modusadvanced . com / resources / blog /
 []


Underfull \hbox (badness 10000) in paragraph at lines 176--176
\OT1/cmtt/m/n/10 cnc-[]machine-[]tolerance-[]capabilities-[]understanding-[]what-[]your-[]shop-[]can-[]deliver$[][]\OT1/ptm/m/n/10 , sep
 []

) [80] (Permanente_Magneet_Lens.aux)
 ***********
LaTeX2e <2023-06-01> patch level 1
L3 programming layer <2023-08-29>
 ***********


LaTeX Warning: There were undefined references.

Package rerunfilecheck Info: File `Permanente_Magneet_Lens.out' has not changed.
(rerunfilecheck)             Checksum: D41D8CD98F00B204E9800998ECF8427E;0.
Package rerunfilecheck Info: File `Permanente_Magneet_Lens.brf' has not changed.
(rerunfilecheck)             Checksum: E058ECB349B088315205451F800DF8B7;3112.
 ) 
Here is how much of TeX's memory you used:
 32810 strings out of 475247
 657527 string characters out of 5757792
 1940785 words of memory out of 5000000
 53418 multiletter control sequences out of 15000+600000
 621728 words of font info for 162 fonts, out of 8000000 for 9000
 1141 hyphenation exceptions out of 8191
 122i,23n,131p,11030b,1435s stack positions out of 10000i,1000n,20000p,200000b,200000s
<C:/Users/desde/AppData/Local/Programs/MiKTeX/fonts/type1/public/amsfonts/cm/cmex10.pfb><C:/Users/desde/AppData/Local/Programs/MiKTeX/fonts/type1/public/amsfonts/cm/cmmi10.pfb><C:/Users/desde/AppData/Local/Programs/MiKTeX/fonts/type1/public/amsfonts/cm/cmr10.pfb><C:/Users/desde/AppData/Local/Programs/MiKTeX/fonts/type1/public/amsfonts/cm/cmss10.pfb><C:/Users/desde/AppData/Local/Programs/MiKTeX/fonts/type1/public/amsfonts/cm/cmssbx10.pfb><C:/Users/desde/AppData/Local/Programs/MiKTeX/fonts/type1/public/amsfonts/cm/cmsy10.pfb><C:/Users/desde/AppData/Local/Programs/MiKTeX/fonts/type1/public/amsfonts/cm/cmtt10.pfb><C:/Users/desde/AppData/Local/Programs/MiKTeX/fonts/type1/public/rsfs/rsfs10.pfb><C:/Users/desde/AppData/Local/Programs/MiKTeX/fonts/type1/urw/symbol/usyr.pfb><C:/Users/desde/AppData/Local/Programs/MiKTeX/fonts/type1/urw/symbol/usyr.pfb><C:/Users/desde/AppData/Local/Programs/MiKTeX/fonts/type1/urw/times/utmb8a.pfb><C:/Users/desde/AppData/Local/Programs/MiKTeX/fonts/type1/urw/times/utmr8a.pfb><C:/Users/desde/AppData/Local/Programs/MiKTeX/fonts/type1/urw/times/utmr8a.pfb><C:/Users/desde/AppData/Local/Programs/MiKTeX/fonts/type1/urw/times/utmri8a.pfb>
Output written on Permanente_Magneet_Lens.pdf (84 pages, 36480775 bytes).
PDF statistics:
 1363 PDF objects out of 1440 (max. 8388607)
 334 named destinations out of 1000 (max. 500000)
 811 words of extra memory for PDF output out of 10000 (max. 10000000)

